2026-03-30 06:33:53  INFO      [DataAgent]  Building snapshot for NIFTY...
2026-03-30 06:33:57  WARNING   [DataAgent]    Bridge not running (connection refused)
2026-03-30 06:33:57  INFO      [NSESession]  Building fresh NSE session...
2026-03-30 06:33:59  INFO      [NSESession]    Warmup https://www.nseindia.com -> 200 | cookies: ['ak_bmsc', 'bm_sz']
2026-03-30 06:34:01  INFO      [NSESession]    Warmup https://www.nseindia.com/option-chain -> 200 | cookies: ['nsit', '_abck', 'bm_mi', 'bm_sv']
2026-03-30 06:34:02  INFO      [NSESession]    NSE GET option-chain-indices -> 200 (2 bytes)
2026-03-30 06:34:02  WARNING   [NSESession]    Empty response (Akamai block)
2026-03-30 06:34:02  WARNING   [DataAgent]    NSE API blocked — building synthetic chain...
2026-03-30 06:34:05  INFO      [NSESession]    Yahoo spot for NIFTY: 22819.6
2026-03-30 06:34:07  INFO      [NSESession]    India VIX: 26.80%  52w [9.1%, 26.8%]  IVR=100.0%
2026-03-30 06:34:07  INFO      [DataAgent]    Using real IV from India VIX: 26.8%
2026-03-30 06:34:07  INFO      [DataAgent]    Built synthetic chain: NIFTY spot=22819.6 ATM=22800 IV=27%
2026-03-30 06:34:07  INFO      [DB]  Database ready: D:\nse_data\options_chain.db
2026-03-30 06:34:28  INFO      [DataAgent]  Snapshot ready in 34.88s — NIFTY spot=22819.6 trend=strong_down ivr=67.2 (high) source=yahoo_synthetic
2026-03-30 06:41:18  INFO      [DataAgent]  Building snapshot for NIFTY...
2026-03-30 06:41:22  WARNING   [DataAgent]    Bridge not running (connection refused)
2026-03-30 06:41:22  INFO      [NSESession]    NSE GET option-chain-indices -> 200 (2 bytes)
2026-03-30 06:41:22  WARNING   [NSESession]    Empty response (Akamai block)
2026-03-30 06:41:22  WARNING   [DataAgent]    NSE API blocked — building synthetic chain...
2026-03-30 06:41:24  INFO      [NSESession]    Yahoo spot for NIFTY: 22549.65
2026-03-30 06:41:26  INFO      [NSESession]    India VIX: 26.80%  52w [9.1%, 26.8%]  IVR=100.0%
2026-03-30 06:41:26  INFO      [DataAgent]    Using real IV from India VIX: 26.8%
2026-03-30 06:41:26  INFO      [DataAgent]    Built synthetic chain: NIFTY spot=22549.65 ATM=22550 IV=27%
2026-03-30 06:41:34  INFO      [DataAgent]  Snapshot ready in 16.03s — NIFTY spot=22549.65 trend=strong_down ivr=67.2 (high) source=yahoo_synthetic
2026-03-30 06:45:18  INFO      [Orchestrator]  Serving cached result for NIFTY
2026-03-30 06:45:37  INFO      [Orchestrator]  Serving cached result for NIFTY
2026-03-30 06:45:40  INFO      [Orchestrator]  Serving cached result for NIFTY
2026-03-30 06:45:46  INFO      [Orchestrator]  Serving cached result for NIFTY
2026-03-30 06:45:49  INFO      [Orchestrator]  Serving cached result for NIFTY
2026-03-30 06:45:52  INFO      [Orchestrator]  Serving cached result for NIFTY
2026-03-30 06:46:22  INFO      [DataAgent]  Building snapshot for NIFTY...
2026-03-30 06:46:26  WARNING   [DataAgent]    Bridge not running (connection refused)
2026-03-30 06:46:26  INFO      [NSESession]  Building fresh NSE session...
2026-03-30 06:46:27  INFO      [NSESession]    Warmup https://www.nseindia.com -> 200 | cookies: ['ak_bmsc', 'bm_sz']
2026-03-30 06:46:29  INFO      [NSESession]    Warmup https://www.nseindia.com/option-chain -> 200 | cookies: ['nsit', '_abck', 'bm_mi', 'bm_sv']
2026-03-30 06:46:31  INFO      [NSESession]    NSE GET option-chain-indices -> 200 (2 bytes)
2026-03-30 06:46:31  WARNING   [NSESession]    Empty response (Akamai block)
2026-03-30 06:46:31  WARNING   [DataAgent]    NSE API blocked — building synthetic chain...
2026-03-30 06:46:33  INFO      [NSESession]    Yahoo spot for NIFTY: 22491.65
2026-03-30 06:46:34  INFO      [NSESession]    India VIX: 28.65%  52w [9.1%, 28.7%]  IVR=100.0%
2026-03-30 06:46:34  INFO      [DataAgent]    Using real IV from India VIX: 28.6%
2026-03-30 06:46:34  INFO      [DataAgent]    Built synthetic chain: NIFTY spot=22491.65 ATM=22500 IV=29%
2026-03-30 06:46:34  INFO      [DB]  Database ready: D:\nse_data\options_chain.db
2026-03-30 06:46:34  INFO      [DataAgent]    Fetching live closes for NIFTY (^NSEI)...
2026-03-30 06:46:43  INFO      [DataAgent]  Building snapshot for NIFTY...
2026-03-30 06:46:47  INFO      [DataAgent]    Live history obtained: 19 days from Yahoo
2026-03-30 06:46:47  INFO      [DataAgent]    EMA20: 26111.29 | Source: local_db | Trend: strong_down
2026-03-30 06:46:47  WARNING   [DataAgent]    Bridge not running (connection refused)
2026-03-30 06:46:47  INFO      [NSESession]    NSE GET option-chain-indices -> 200 (2 bytes)
2026-03-30 06:46:47  WARNING   [NSESession]    Empty response (Akamai block)
2026-03-30 06:46:47  WARNING   [DataAgent]    NSE API blocked — building synthetic chain...
2026-03-30 06:46:48  INFO      [NSESession]    Yahoo spot for NIFTY: 22480.8
2026-03-30 06:46:50  INFO      [NSESession]    India VIX: 28.75%  52w [9.1%, 28.8%]  IVR=100.0%
2026-03-30 06:46:50  INFO      [DataAgent]    Using real IV from India VIX: 28.7%
2026-03-30 06:46:50  INFO      [DataAgent]    Built synthetic chain: NIFTY spot=22480.8 ATM=22500 IV=29%
2026-03-30 06:46:50  INFO      [DataAgent]    Fetching live closes for NIFTY (^NSEI)...
2026-03-30 06:46:51  INFO      [DataAgent]    Live history obtained: 19 days from Yahoo
2026-03-30 06:46:51  INFO      [DataAgent]    EMA20: 26111.29 | Source: local_db | Trend: strong_down
2026-03-30 06:46:55  INFO      [DataAgent]  Snapshot ready in 33.09s — NIFTY spot=22491.65 trend=strong_down ivr=74.6 (high) source=yahoo_synthetic
2026-03-30 06:46:55  INFO      [Orchestrator]  Serving cached result for NIFTY
2026-03-30 06:46:59  INFO      [DataAgent]  Snapshot ready in 15.96s — NIFTY spot=22480.8 trend=strong_down ivr=75.0 (high) source=yahoo_synthetic
2026-03-30 06:47:23  INFO      [Orchestrator]  Serving cached result for NIFTY
2026-03-30 06:47:53  INFO      [Orchestrator]  Serving cached result for NIFTY
2026-03-30 06:48:22  INFO      [Orchestrator]  Serving cached result for NIFTY
2026-03-30 06:48:52  INFO      [Orchestrator]  Serving cached result for NIFTY
2026-03-30 06:49:58  INFO      [DataAgent]  Building snapshot for NIFTY...
2026-03-30 06:50:02  WARNING   [DataAgent]    Bridge not running (connection refused)
2026-03-30 06:50:02  INFO      [NSESession]  Building fresh NSE session...
2026-03-30 06:50:03  INFO      [NSESession]    Warmup https://www.nseindia.com -> 200 | cookies: ['ak_bmsc', 'bm_sz']
2026-03-30 06:50:05  INFO      [NSESession]    Warmup https://www.nseindia.com/option-chain -> 200 | cookies: ['nsit', '_abck', 'bm_mi', 'bm_sv']
2026-03-30 06:50:07  INFO      [NSESession]    NSE GET option-chain-indices -> 200 (2 bytes)
2026-03-30 06:50:07  WARNING   [NSESession]    Empty response (Akamai block)
2026-03-30 06:50:07  WARNING   [DataAgent]    NSE API blocked — building synthetic chain...
2026-03-30 06:50:09  INFO      [NSESession]    Yahoo spot for NIFTY: 22517.85
2026-03-30 06:50:10  INFO      [NSESession]    India VIX: 28.70%  52w [9.1%, 28.7%]  IVR=100.0%
2026-03-30 06:50:10  INFO      [DataAgent]    Using real IV from India VIX: 28.7%
2026-03-30 06:50:10  INFO      [DataAgent]    Built synthetic chain: NIFTY spot=22517.85 ATM=22500 IV=29%
2026-03-30 06:50:10  INFO      [DB]  Database ready: D:\nse_data\options_chain.db
2026-03-30 06:50:10  INFO      [DataAgent]    Fetching 3mo history for NIFTY (^NSEI)...
2026-03-30 06:50:13  INFO      [DataAgent]    Live history obtained: 61 days from Yahoo
2026-03-30 06:50:13  INFO      [DataAgent]    EMA20: 23619.2 | Source: live_yahoo | Trend: strong_down
2026-03-30 06:50:20  INFO      [DataAgent]  Snapshot ready in 22.15s — NIFTY spot=22517.85 trend=strong_down ivr=74.8 (high) source=yahoo_synthetic
2026-03-30 06:50:20  INFO      [DataAgent]  Building snapshot for NIFTY...
2026-03-30 06:50:25  WARNING   [DataAgent]    Bridge not running (connection refused)
2026-03-30 06:50:25  INFO      [NSESession]    NSE GET option-chain-indices -> 200 (2 bytes)
2026-03-30 06:50:25  WARNING   [NSESession]    Empty response (Akamai block)
2026-03-30 06:50:25  WARNING   [DataAgent]    NSE API blocked — building synthetic chain...
2026-03-30 06:50:26  INFO      [NSESession]    Yahoo spot for NIFTY: 22506.75
2026-03-30 06:50:28  INFO      [NSESession]    India VIX: 28.69%  52w [9.1%, 28.7%]  IVR=100.0%
2026-03-30 06:50:28  INFO      [DataAgent]    Using real IV from India VIX: 28.7%
2026-03-30 06:50:28  INFO      [DataAgent]    Built synthetic chain: NIFTY spot=22506.75 ATM=22500 IV=29%
2026-03-30 06:50:28  INFO      [DataAgent]    Fetching 3mo history for NIFTY (^NSEI)...
2026-03-30 06:50:29  INFO      [DataAgent]    Live history obtained: 61 days from Yahoo
2026-03-30 06:50:29  INFO      [DataAgent]    EMA20: 23618.47 | Source: live_yahoo | Trend: strong_down
2026-03-30 06:50:29  INFO      [DataAgent]  Snapshot ready in 8.48s — NIFTY spot=22506.75 trend=strong_down ivr=74.8 (high) source=yahoo_synthetic
2026-03-30 06:50:29  INFO      [DataAgent]  Building snapshot for NIFTY...
2026-03-30 06:50:33  WARNING   [DataAgent]    Bridge not running (connection refused)
2026-03-30 06:50:33  INFO      [NSESession]    NSE GET option-chain-indices -> 200 (2 bytes)
2026-03-30 06:50:33  WARNING   [NSESession]    Empty response (Akamai block)
2026-03-30 06:50:33  WARNING   [DataAgent]    NSE API blocked — building synthetic chain...
2026-03-30 06:50:35  INFO      [NSESession]    Yahoo spot for NIFTY: 22503.3
2026-03-30 06:50:36  INFO      [NSESession]    India VIX: 28.68%  52w [9.1%, 28.7%]  IVR=100.0%
2026-03-30 06:50:36  INFO      [DataAgent]    Using real IV from India VIX: 28.7%
2026-03-30 06:50:36  INFO      [DataAgent]    Built synthetic chain: NIFTY spot=22503.3 ATM=22500 IV=29%
2026-03-30 06:50:36  INFO      [DataAgent]    Fetching 3mo history for NIFTY (^NSEI)...
2026-03-30 06:50:37  INFO      [DataAgent]    Live history obtained: 61 days from Yahoo
2026-03-30 06:50:37  INFO      [DataAgent]    EMA20: 23617.89 | Source: live_yahoo | Trend: strong_down
2026-03-30 06:50:37  INFO      [DataAgent]  Snapshot ready in 7.85s — NIFTY spot=22503.3 trend=strong_down ivr=74.7 (high) source=yahoo_synthetic
2026-03-30 06:50:52  INFO      [DataAgent]  Building snapshot for NIFTY...
2026-03-30 06:50:56  WARNING   [DataAgent]    Bridge not running (connection refused)
2026-03-30 06:50:57  INFO      [NSESession]    NSE GET option-chain-indices -> 200 (2 bytes)
2026-03-30 06:50:57  WARNING   [NSESession]    Empty response (Akamai block)
2026-03-30 06:50:57  WARNING   [DataAgent]    NSE API blocked — building synthetic chain...
2026-03-30 06:50:58  INFO      [NSESession]    Yahoo spot for NIFTY: 22509.55
2026-03-30 06:50:59  INFO      [NSESession]    India VIX: 28.68%  52w [9.1%, 28.7%]  IVR=100.0%
2026-03-30 06:50:59  INFO      [DataAgent]    Using real IV from India VIX: 28.7%
2026-03-30 06:50:59  INFO      [DataAgent]    Built synthetic chain: NIFTY spot=22509.55 ATM=22500 IV=29%
2026-03-30 06:50:59  INFO      [DataAgent]    Fetching 3mo history for NIFTY (^NSEI)...
2026-03-30 06:51:00  INFO      [DataAgent]    Live history obtained: 61 days from Yahoo
2026-03-30 06:51:00  INFO      [DataAgent]    EMA20: 23618.2 | Source: live_yahoo | Trend: strong_down
2026-03-30 06:51:00  INFO      [DataAgent]  Snapshot ready in 7.59s — NIFTY spot=22509.55 trend=strong_down ivr=74.7 (high) source=yahoo_synthetic
2026-03-30 06:51:22  INFO      [DataAgent]  Building snapshot for NIFTY...
2026-03-30 06:51:26  WARNING   [DataAgent]    Bridge not running (connection refused)
2026-03-30 06:51:27  INFO      [NSESession]    NSE GET option-chain-indices -> 200 (2 bytes)
2026-03-30 06:51:27  WARNING   [NSESession]    Empty response (Akamai block)
2026-03-30 06:51:27  WARNING   [DataAgent]    NSE API blocked — building synthetic chain...
2026-03-30 06:51:28  INFO      [NSESession]    Yahoo spot for NIFTY: 22505.1
2026-03-30 06:51:30  INFO      [NSESession]    India VIX: 28.66%  52w [9.1%, 28.7%]  IVR=100.0%
2026-03-30 06:51:30  INFO      [DataAgent]    Using real IV from India VIX: 28.7%
2026-03-30 06:51:30  INFO      [DataAgent]    Built synthetic chain: NIFTY spot=22505.1 ATM=22500 IV=29%
2026-03-30 06:51:30  INFO      [DataAgent]    Fetching 3mo history for NIFTY (^NSEI)...
2026-03-30 06:51:31  INFO      [DataAgent]    Live history obtained: 61 days from Yahoo
2026-03-30 06:51:31  INFO      [DataAgent]    EMA20: 23618.32 | Source: live_yahoo | Trend: strong_down
2026-03-30 06:51:31  INFO      [DataAgent]  Snapshot ready in 8.41s — NIFTY spot=22505.1 trend=strong_down ivr=74.6 (high) source=yahoo_synthetic
2026-03-30 06:51:53  INFO      [DataAgent]  Building snapshot for NIFTY...
2026-03-30 06:51:57  WARNING   [DataAgent]    Bridge not running (connection refused)
2026-03-30 06:51:57  INFO      [NSESession]    NSE GET option-chain-indices -> 200 (2 bytes)
2026-03-30 06:51:57  WARNING   [NSESession]    Empty response (Akamai block)
2026-03-30 06:51:57  WARNING   [DataAgent]    NSE API blocked — building synthetic chain...
2026-03-30 06:51:58  INFO      [NSESession]    Yahoo spot for NIFTY: 22508.75
2026-03-30 06:52:00  INFO      [NSESession]    India VIX: 28.67%  52w [9.1%, 28.7%]  IVR=100.0%
2026-03-30 06:52:00  INFO      [DataAgent]    Using real IV from India VIX: 28.7%
2026-03-30 06:52:00  INFO      [DataAgent]    Built synthetic chain: NIFTY spot=22508.75 ATM=22500 IV=29%
2026-03-30 06:52:00  INFO      [DataAgent]    Fetching 3mo history for NIFTY (^NSEI)...
2026-03-30 06:52:01  INFO      [DataAgent]    Live history obtained: 61 days from Yahoo
2026-03-30 06:52:01  INFO      [DataAgent]    EMA20: 23618.59 | Source: live_yahoo | Trend: strong_down
2026-03-30 06:52:01  INFO      [DataAgent]  Snapshot ready in 8.45s — NIFTY spot=22508.75 trend=strong_down ivr=74.7 (high) source=yahoo_synthetic
2026-03-30 06:52:22  INFO      [DataAgent]  Building snapshot for NIFTY...
2026-03-30 06:52:26  WARNING   [DataAgent]    Bridge not running (connection refused)
2026-03-30 06:52:27  INFO      [NSESession]    NSE GET option-chain-indices -> 200 (2 bytes)
2026-03-30 06:52:27  WARNING   [NSESession]    Empty response (Akamai block)
2026-03-30 06:52:27  WARNING   [DataAgent]    NSE API blocked — building synthetic chain...
2026-03-30 06:52:28  INFO      [NSESession]    Yahoo spot for NIFTY: 22533.8
2026-03-30 06:52:30  INFO      [NSESession]    India VIX: 28.68%  52w [9.1%, 28.7%]  IVR=100.0%
2026-03-30 06:52:30  INFO      [DataAgent]    Using real IV from India VIX: 28.7%
2026-03-30 06:52:30  INFO      [DataAgent]    Built synthetic chain: NIFTY spot=22533.8 ATM=22550 IV=29%
2026-03-30 06:52:30  INFO      [DataAgent]    Fetching 3mo history for NIFTY (^NSEI)...
2026-03-30 06:52:31  INFO      [DataAgent]    Live history obtained: 61 days from Yahoo
2026-03-30 06:52:31  INFO      [DataAgent]    EMA20: 23620.72 | Source: live_yahoo | Trend: strong_down
2026-03-30 06:52:31  INFO      [DataAgent]  Snapshot ready in 8.79s — NIFTY spot=22533.8 trend=strong_down ivr=74.7 (high) source=yahoo_synthetic
2026-03-30 06:52:31  INFO      [DataAgent]  Building snapshot for NIFTY...
2026-03-30 06:52:36  WARNING   [DataAgent]    Bridge not running (connection refused)
2026-03-30 06:52:36  INFO      [NSESession]    NSE GET option-chain-indices -> 200 (2 bytes)
2026-03-30 06:52:36  WARNING   [NSESession]    Empty response (Akamai block)
2026-03-30 06:52:36  WARNING   [DataAgent]    NSE API blocked — building synthetic chain...
2026-03-30 06:52:37  INFO      [NSESession]    Yahoo spot for NIFTY: 22532.7
2026-03-30 06:52:39  INFO      [NSESession]    India VIX: 28.69%  52w [9.1%, 28.7%]  IVR=100.0%
2026-03-30 06:52:39  INFO      [DataAgent]    Using real IV from India VIX: 28.7%
2026-03-30 06:52:39  INFO      [DataAgent]    Built synthetic chain: NIFTY spot=22532.7 ATM=22550 IV=29%
2026-03-30 06:52:39  INFO      [DataAgent]    Fetching 3mo history for NIFTY (^NSEI)...
2026-03-30 06:52:40  INFO      [DataAgent]    Live history obtained: 61 days from Yahoo
2026-03-30 06:52:40  INFO      [DataAgent]    EMA20: 23620.69 | Source: live_yahoo | Trend: strong_down
2026-03-30 06:52:40  INFO      [DataAgent]  Snapshot ready in 8.35s — NIFTY spot=22532.7 trend=strong_down ivr=74.8 (high) source=yahoo_synthetic
2026-03-30 06:52:52  INFO      [DataAgent]  Building snapshot for NIFTY...
2026-03-30 06:52:56  WARNING   [DataAgent]    Bridge not running (connection refused)
2026-03-30 06:52:56  INFO      [NSESession]    NSE GET option-chain-indices -> 200 (2 bytes)
2026-03-30 06:52:57  WARNING   [NSESession]    Empty response (Akamai block)
2026-03-30 06:52:57  WARNING   [DataAgent]    NSE API blocked — building synthetic chain...
2026-03-30 06:52:58  INFO      [NSESession]    Yahoo spot for NIFTY: 22526.55
2026-03-30 06:53:00  INFO      [NSESession]    India VIX: 28.69%  52w [9.1%, 28.7%]  IVR=100.0%
2026-03-30 06:53:00  INFO      [DataAgent]    Using real IV from India VIX: 28.7%
2026-03-30 06:53:00  INFO      [DataAgent]    Built synthetic chain: NIFTY spot=22526.55 ATM=22550 IV=29%
2026-03-30 06:53:00  INFO      [DataAgent]    Fetching 3mo history for NIFTY (^NSEI)...
2026-03-30 06:53:01  INFO      [DataAgent]    Live history obtained: 61 days from Yahoo
2026-03-30 06:53:01  INFO      [DataAgent]    EMA20: 23620.5 | Source: live_yahoo | Trend: strong_down
2026-03-30 06:53:01  INFO      [DataAgent]  Snapshot ready in 8.61s — NIFTY spot=22526.55 trend=strong_down ivr=74.8 (high) source=yahoo_synthetic
2026-03-30 06:53:23  INFO      [DataAgent]  Building snapshot for NIFTY...
2026-03-30 06:53:27  WARNING   [DataAgent]    Bridge not running (connection refused)
2026-03-30 06:53:27  INFO      [NSESession]    NSE GET option-chain-indices -> 200 (2 bytes)
2026-03-30 06:53:27  WARNING   [NSESession]    Empty response (Akamai block)
2026-03-30 06:53:27  WARNING   [DataAgent]    NSE API blocked — building synthetic chain...
2026-03-30 06:53:29  INFO      [NSESession]    Yahoo spot for NIFTY: 22538.3
2026-03-30 06:53:42  INFO      [NSESession]    India VIX: 28.73%  52w [9.1%, 28.7%]  IVR=100.0%
2026-03-30 06:53:42  INFO      [DataAgent]    Using real IV from India VIX: 28.7%
2026-03-30 06:53:42  INFO      [DataAgent]    Built synthetic chain: NIFTY spot=22538.3 ATM=22550 IV=29%
2026-03-30 06:53:42  INFO      [DataAgent]    Fetching 3mo history for NIFTY (^NSEI)...
2026-03-30 06:53:43  INFO      [DataAgent]    Live history obtained: 61 days from Yahoo
2026-03-30 06:53:43  INFO      [DataAgent]    EMA20: 23620.91 | Source: live_yahoo | Trend: strong_down
2026-03-30 06:53:43  INFO      [DataAgent]  Snapshot ready in 20.53s — NIFTY spot=22538.3 trend=strong_down ivr=74.9 (high) source=yahoo_synthetic
2026-03-30 06:53:52  INFO      [DataAgent]  Building snapshot for NIFTY...
2026-03-30 06:53:56  WARNING   [DataAgent]    Bridge not running (connection refused)
2026-03-30 06:53:56  INFO      [NSESession]    NSE GET option-chain-indices -> 200 (2 bytes)
2026-03-30 06:53:56  WARNING   [NSESession]    Empty response (Akamai block)
2026-03-30 06:53:56  WARNING   [DataAgent]    NSE API blocked — building synthetic chain...
2026-03-30 06:53:58  INFO      [NSESession]    Yahoo spot for NIFTY: 22539.45
2026-03-30 06:54:00  INFO      [NSESession]    India VIX: 28.75%  52w [9.1%, 28.7%]  IVR=100.0%
2026-03-30 06:54:00  INFO      [DataAgent]    Using real IV from India VIX: 28.7%
2026-03-30 06:54:00  INFO      [DataAgent]    Built synthetic chain: NIFTY spot=22539.45 ATM=22550 IV=29%
2026-03-30 06:54:00  INFO      [DataAgent]    Fetching 3mo history for NIFTY (^NSEI)...
2026-03-30 06:54:01  INFO      [DataAgent]    Live history obtained: 61 days from Yahoo
2026-03-30 06:54:01  INFO      [DataAgent]    EMA20: 23621.59 | Source: live_yahoo | Trend: strong_down
2026-03-30 06:54:01  INFO      [DataAgent]  Snapshot ready in 8.78s — NIFTY spot=22539.45 trend=strong_down ivr=75.0 (high) source=yahoo_synthetic
2026-03-30 06:54:22  INFO      [DataAgent]  Building snapshot for NIFTY...
2026-03-30 06:54:26  WARNING   [DataAgent]    Bridge not running (connection refused)
2026-03-30 06:54:27  INFO      [NSESession]    NSE GET option-chain-indices -> 200 (2 bytes)
2026-03-30 06:54:27  WARNING   [NSESession]    Empty response (Akamai block)
2026-03-30 06:54:27  WARNING   [DataAgent]    NSE API blocked — building synthetic chain...
2026-03-30 06:54:29  INFO      [NSESession]    Yahoo spot for NIFTY: 22526.5
2026-03-30 06:54:30  INFO      [NSESession]    India VIX: 28.73%  52w [9.1%, 28.7%]  IVR=100.0%
2026-03-30 06:54:30  INFO      [DataAgent]    Using real IV from India VIX: 28.7%
2026-03-30 06:54:30  INFO      [DataAgent]    Built synthetic chain: NIFTY spot=22526.5 ATM=22550 IV=29%
2026-03-30 06:54:30  INFO      [DataAgent]    Fetching 3mo history for NIFTY (^NSEI)...
2026-03-30 06:54:31  INFO      [DataAgent]    Live history obtained: 61 days from Yahoo
2026-03-30 06:54:31  INFO      [DataAgent]    EMA20: 23620.32 | Source: live_yahoo | Trend: strong_down
2026-03-30 06:54:31  INFO      [DataAgent]  Snapshot ready in 8.82s — NIFTY spot=22526.5 trend=strong_down ivr=74.9 (high) source=yahoo_synthetic
2026-03-30 06:54:52  INFO      [DataAgent]  Building snapshot for NIFTY...
2026-03-30 06:54:56  WARNING   [DataAgent]    Bridge not running (connection refused)
2026-03-30 06:54:57  INFO      [NSESession]    NSE GET option-chain-indices -> 200 (2 bytes)
2026-03-30 06:54:57  WARNING   [NSESession]    Empty response (Akamai block)
2026-03-30 06:54:57  WARNING   [DataAgent]    NSE API blocked — building synthetic chain...
2026-03-30 06:54:58  INFO      [NSESession]    Yahoo spot for NIFTY: 22527.1
2026-03-30 06:55:00  INFO      [NSESession]    India VIX: 28.74%  52w [9.1%, 28.7%]  IVR=100.0%
2026-03-30 06:55:00  INFO      [DataAgent]    Using real IV from India VIX: 28.7%
2026-03-30 06:55:00  INFO      [DataAgent]    Built synthetic chain: NIFTY spot=22527.1 ATM=22550 IV=29%
2026-03-30 06:55:00  INFO      [DataAgent]    Fetching 3mo history for NIFTY (^NSEI)...
2026-03-30 06:55:01  INFO      [DataAgent]    Live history obtained: 61 days from Yahoo
2026-03-30 06:55:01  INFO      [DataAgent]    EMA20: 23620.48 | Source: live_yahoo | Trend: strong_down
2026-03-30 06:55:01  INFO      [DataAgent]  Snapshot ready in 8.44s — NIFTY spot=22527.1 trend=strong_down ivr=75.0 (high) source=yahoo_synthetic
2026-03-30 06:56:18  INFO      [DataAgent]  Building snapshot for NIFTY...
2026-03-30 06:56:22  WARNING   [DataAgent]    Bridge not running (connection refused)
2026-03-30 06:56:22  INFO      [NSESession]    NSE GET option-chain-indices -> 200 (2 bytes)
2026-03-30 06:56:22  WARNING   [NSESession]    Empty response (Akamai block)
2026-03-30 06:56:22  WARNING   [DataAgent]    NSE API blocked — building synthetic chain...
2026-03-30 06:56:24  INFO      [NSESession]    Yahoo spot for NIFTY: 22550.0
2026-03-30 06:56:25  INFO      [NSESession]    India VIX: 28.77%  52w [9.1%, 28.8%]  IVR=100.0%
2026-03-30 06:56:25  INFO      [DataAgent]    Using real IV from India VIX: 28.8%
2026-03-30 06:56:25  INFO      [DataAgent]    Built synthetic chain: NIFTY spot=22550.0 ATM=22550 IV=29%
2026-03-30 06:56:25  INFO      [DataAgent]    Fetching 3mo history for NIFTY (^NSEI)...
2026-03-30 06:56:26  INFO      [DataAgent]    Live history obtained: 61 days from Yahoo
2026-03-30 06:56:26  INFO      [DataAgent]    EMA20: 23622.06 | Source: live_yahoo | Trend: strong_down
2026-03-30 06:56:34  INFO      [DataAgent]  Snapshot ready in 15.87s — NIFTY spot=22550.0 trend=strong_down ivr=75.1 (high) source=yahoo_synthetic
2026-03-30 06:57:18  INFO      [DataAgent]  Building snapshot for NIFTY...
2026-03-30 06:57:22  WARNING   [DataAgent]    Bridge not running (connection refused)
2026-03-30 06:57:22  INFO      [NSESession]    NSE GET option-chain-indices -> 200 (2 bytes)
2026-03-30 06:57:22  WARNING   [NSESession]    Empty response (Akamai block)
2026-03-30 06:57:22  WARNING   [DataAgent]    NSE API blocked — building synthetic chain...
2026-03-30 06:57:24  INFO      [NSESession]    Yahoo spot for NIFTY: 22531.8
2026-03-30 06:57:25  INFO      [NSESession]    India VIX: 28.85%  52w [9.1%, 28.8%]  IVR=100.0%
2026-03-30 06:57:25  INFO      [DataAgent]    Using real IV from India VIX: 28.9%
2026-03-30 06:57:25  INFO      [DataAgent]    Built synthetic chain: NIFTY spot=22531.8 ATM=22550 IV=29%
2026-03-30 06:57:25  INFO      [DataAgent]    Fetching 3mo history for NIFTY (^NSEI)...
2026-03-30 06:57:26  INFO      [DataAgent]    Live history obtained: 61 days from Yahoo
2026-03-30 06:57:26  INFO      [DataAgent]    EMA20: 23620.35 | Source: live_yahoo | Trend: strong_down
2026-03-30 06:57:26  INFO      [DataAgent]  Snapshot ready in 8.28s — NIFTY spot=22531.8 trend=strong_down ivr=75.4 (high) source=yahoo_synthetic
2026-03-30 06:58:12  INFO      [DataAgent]  Building snapshot for NIFTY...
2026-03-30 06:58:16  WARNING   [DataAgent]    Bridge not running (connection refused)
2026-03-30 06:58:16  INFO      [NSESession]    NSE GET option-chain-indices -> 200 (2 bytes)
2026-03-30 06:58:16  WARNING   [NSESession]    Empty response (Akamai block)
2026-03-30 06:58:16  WARNING   [DataAgent]    NSE API blocked — building synthetic chain...
2026-03-30 06:58:18  INFO      [NSESession]    Yahoo spot for NIFTY: 22531.0
2026-03-30 06:58:20  INFO      [NSESession]    India VIX: 28.86%  52w [9.1%, 28.9%]  IVR=100.0%
2026-03-30 06:58:20  INFO      [DataAgent]    Using real IV from India VIX: 28.9%
2026-03-30 06:58:20  INFO      [DataAgent]    Built synthetic chain: NIFTY spot=22531.0 ATM=22550 IV=29%
2026-03-30 06:58:20  INFO      [DataAgent]    Fetching 3mo history for NIFTY (^NSEI)...
2026-03-30 06:58:20  INFO      [DataAgent]    Live history obtained: 61 days from Yahoo
2026-03-30 06:58:20  INFO      [DataAgent]    EMA20: 23621.23 | Source: live_yahoo | Trend: strong_down
2026-03-30 06:58:20  INFO      [DataAgent]  Snapshot ready in 8.38s — NIFTY spot=22531.0 trend=strong_down ivr=75.4 (high) source=yahoo_synthetic
2026-03-30 06:58:23  INFO      [DataAgent]  Building snapshot for NIFTY...
2026-03-30 06:58:27  WARNING   [DataAgent]    Bridge not running (connection refused)
2026-03-30 06:58:27  INFO      [NSESession]    NSE GET option-chain-indices -> 200 (2 bytes)
2026-03-30 06:58:27  WARNING   [NSESession]    Empty response (Akamai block)
2026-03-30 06:58:27  WARNING   [DataAgent]    NSE API blocked — building synthetic chain...
2026-03-30 06:58:28  INFO      [NSESession]    Yahoo spot for NIFTY: 22545.35
2026-03-30 06:58:30  INFO      [NSESession]    India VIX: 28.83%  52w [9.1%, 28.8%]  IVR=100.0%
2026-03-30 06:58:30  INFO      [DataAgent]    Using real IV from India VIX: 28.8%
2026-03-30 06:58:30  INFO      [DataAgent]    Built synthetic chain: NIFTY spot=22545.35 ATM=22550 IV=29%
2026-03-30 06:58:30  INFO      [DataAgent]    Fetching 3mo history for NIFTY (^NSEI)...
2026-03-30 06:58:31  INFO      [DataAgent]    Live history obtained: 61 days from Yahoo
2026-03-30 06:58:31  INFO      [DataAgent]    EMA20: 23622.33 | Source: live_yahoo | Trend: strong_down
2026-03-30 06:58:31  INFO      [DataAgent]  Snapshot ready in 8.29s — NIFTY spot=22545.35 trend=strong_down ivr=75.3 (high) source=yahoo_synthetic
2026-03-30 06:58:53  INFO      [DataAgent]  Building snapshot for NIFTY...
2026-03-30 06:58:57  WARNING   [DataAgent]    Bridge not running (connection refused)
2026-03-30 06:58:57  INFO      [NSESession]    NSE GET option-chain-indices -> 200 (2 bytes)
2026-03-30 06:58:57  WARNING   [NSESession]    Empty response (Akamai block)
2026-03-30 06:58:57  WARNING   [DataAgent]    NSE API blocked — building synthetic chain...
2026-03-30 06:58:58  INFO      [NSESession]    Yahoo spot for NIFTY: 22547.75
2026-03-30 06:59:00  INFO      [NSESession]    India VIX: 28.79%  52w [9.1%, 28.8%]  IVR=100.0%
2026-03-30 06:59:00  INFO      [DataAgent]    Using real IV from India VIX: 28.8%
2026-03-30 06:59:00  INFO      [DataAgent]    Built synthetic chain: NIFTY spot=22547.75 ATM=22550 IV=29%
2026-03-30 06:59:00  INFO      [DataAgent]    Fetching 3mo history for NIFTY (^NSEI)...
2026-03-30 06:59:01  INFO      [DataAgent]    Live history obtained: 61 days from Yahoo
2026-03-30 06:59:01  INFO      [DataAgent]    EMA20: 23622.7 | Source: live_yahoo | Trend: strong_down
2026-03-30 06:59:01  INFO      [DataAgent]  Snapshot ready in 8.27s — NIFTY spot=22547.75 trend=strong_down ivr=75.2 (high) source=yahoo_synthetic
2026-03-30 06:59:23  INFO      [DataAgent]  Building snapshot for NIFTY...
2026-03-30 06:59:27  WARNING   [DataAgent]    Bridge not running (connection refused)
2026-03-30 06:59:27  INFO      [NSESession]    NSE GET option-chain-indices -> 200 (2 bytes)
2026-03-30 06:59:27  WARNING   [NSESession]    Empty response (Akamai block)
2026-03-30 06:59:27  WARNING   [DataAgent]    NSE API blocked — building synthetic chain...
2026-03-30 06:59:28  INFO      [NSESession]    Yahoo spot for NIFTY: 22582.85
2026-03-30 06:59:30  INFO      [NSESession]    India VIX: 28.77%  52w [9.1%, 28.8%]  IVR=100.0%
2026-03-30 06:59:30  INFO      [DataAgent]    Using real IV from India VIX: 28.8%
2026-03-30 06:59:30  INFO      [DataAgent]    Built synthetic chain: NIFTY spot=22582.85 ATM=22600 IV=29%
2026-03-30 06:59:30  INFO      [DataAgent]    Fetching 3mo history for NIFTY (^NSEI)...
2026-03-30 06:59:31  INFO      [DataAgent]    Live history obtained: 61 days from Yahoo
2026-03-30 06:59:31  INFO      [DataAgent]    EMA20: 23625.77 | Source: live_yahoo | Trend: strong_down
2026-03-30 06:59:31  INFO      [DataAgent]  Snapshot ready in 8.41s — NIFTY spot=22582.85 trend=strong_down ivr=75.1 (high) source=yahoo_synthetic
2026-03-30 06:59:52  INFO      [DataAgent]  Building snapshot for NIFTY...
2026-03-30 06:59:56  WARNING   [DataAgent]    Bridge not running (connection refused)
2026-03-30 06:59:57  INFO      [NSESession]    NSE GET option-chain-indices -> 200 (2 bytes)
2026-03-30 06:59:57  WARNING   [NSESession]    Empty response (Akamai block)
2026-03-30 06:59:57  WARNING   [DataAgent]    NSE API blocked — building synthetic chain...
2026-03-30 06:59:58  INFO      [NSESession]    Yahoo spot for NIFTY: 22579.7
2026-03-30 07:00:00  INFO      [NSESession]    India VIX: 28.79%  52w [9.1%, 28.8%]  IVR=100.0%
2026-03-30 07:00:00  INFO      [DataAgent]    Using real IV from India VIX: 28.8%
2026-03-30 07:00:00  INFO      [DataAgent]    Built synthetic chain: NIFTY spot=22579.7 ATM=22600 IV=29%
2026-03-30 07:00:00  INFO      [DataAgent]    Fetching 3mo history for NIFTY (^NSEI)...
2026-03-30 07:00:01  INFO      [DataAgent]    Live history obtained: 61 days from Yahoo
2026-03-30 07:00:01  INFO      [DataAgent]    EMA20: 23625.37 | Source: live_yahoo | Trend: strong_down
2026-03-30 07:00:01  INFO      [DataAgent]  Snapshot ready in 8.41s — NIFTY spot=22579.7 trend=strong_down ivr=75.2 (high) source=yahoo_synthetic
2026-03-30 07:00:23  INFO      [DataAgent]  Building snapshot for NIFTY...
2026-03-30 07:00:27  WARNING   [DataAgent]    Bridge not running (connection refused)
2026-03-30 07:00:27  INFO      [NSESession]    NSE GET option-chain-indices -> 200 (2 bytes)
2026-03-30 07:00:27  WARNING   [NSESession]    Empty response (Akamai block)
2026-03-30 07:00:27  WARNING   [DataAgent]    NSE API blocked — building synthetic chain...
2026-03-30 07:00:28  INFO      [NSESession]    Yahoo spot for NIFTY: 22595.9
2026-03-30 07:00:29  INFO      [NSESession]    India VIX: 28.66%  52w [9.1%, 28.7%]  IVR=100.0%
2026-03-30 07:00:29  INFO      [DataAgent]    Using real IV from India VIX: 28.7%
2026-03-30 07:00:29  INFO      [DataAgent]    Built synthetic chain: NIFTY spot=22595.9 ATM=22600 IV=29%
2026-03-30 07:00:29  INFO      [DataAgent]    Fetching 3mo history for NIFTY (^NSEI)...
2026-03-30 07:00:30  INFO      [DataAgent]    Live history obtained: 61 days from Yahoo
2026-03-30 07:00:30  INFO      [DataAgent]    EMA20: 23627.04 | Source: live_yahoo | Trend: strong_down
2026-03-30 07:00:30  INFO      [DataAgent]  Snapshot ready in 7.23s — NIFTY spot=22595.9 trend=strong_down ivr=74.6 (high) source=yahoo_synthetic
2026-03-30 07:00:52  INFO      [DataAgent]  Building snapshot for NIFTY...
2026-03-30 07:00:56  WARNING   [DataAgent]    Bridge not running (connection refused)
2026-03-30 07:00:57  INFO      [NSESession]    NSE GET option-chain-indices -> 200 (2 bytes)
2026-03-30 07:00:57  WARNING   [NSESession]    Empty response (Akamai block)
2026-03-30 07:00:57  WARNING   [DataAgent]    NSE API blocked — building synthetic chain...
2026-03-30 07:00:58  INFO      [NSESession]    Yahoo spot for NIFTY: 22579.0
2026-03-30 07:00:59  INFO      [NSESession]    India VIX: 28.63%  52w [9.1%, 28.6%]  IVR=100.0%
2026-03-30 07:00:59  INFO      [DataAgent]    Using real IV from India VIX: 28.6%
2026-03-30 07:00:59  INFO      [DataAgent]    Built synthetic chain: NIFTY spot=22579.0 ATM=22600 IV=29%
2026-03-30 07:00:59  INFO      [DataAgent]    Fetching 3mo history for NIFTY (^NSEI)...
2026-03-30 07:01:00  INFO      [DataAgent]    Live history obtained: 61 days from Yahoo
2026-03-30 07:01:00  INFO      [DataAgent]    EMA20: 23625.02 | Source: live_yahoo | Trend: strong_down
2026-03-30 07:01:00  INFO      [DataAgent]  Snapshot ready in 7.28s — NIFTY spot=22579.0 trend=strong_down ivr=74.5 (high) source=yahoo_synthetic
2026-03-30 07:01:22  INFO      [DataAgent]  Building snapshot for NIFTY...
2026-03-30 07:01:26  WARNING   [DataAgent]    Bridge not running (connection refused)
2026-03-30 07:01:27  INFO      [NSESession]    NSE GET option-chain-indices -> 200 (2 bytes)
2026-03-30 07:01:27  WARNING   [NSESession]    Empty response (Akamai block)
2026-03-30 07:01:27  WARNING   [DataAgent]    NSE API blocked — building synthetic chain...
2026-03-30 07:01:28  INFO      [NSESession]    Yahoo spot for NIFTY: 22597.3
2026-03-30 07:01:29  INFO      [NSESession]    India VIX: 28.66%  52w [9.1%, 28.7%]  IVR=100.0%
2026-03-30 07:01:29  INFO      [DataAgent]    Using real IV from India VIX: 28.7%
2026-03-30 07:01:29  INFO      [DataAgent]    Built synthetic chain: NIFTY spot=22597.3 ATM=22600 IV=29%
2026-03-30 07:01:29  INFO      [DataAgent]    Fetching 3mo history for NIFTY (^NSEI)...
2026-03-30 07:01:29  INFO      [DataAgent]    Live history obtained: 61 days from Yahoo
2026-03-30 07:01:29  INFO      [DataAgent]    EMA20: 23627.2 | Source: live_yahoo | Trend: strong_down
2026-03-30 07:01:33  INFO      [DataAgent]  Snapshot ready in 10.54s — NIFTY spot=22597.3 trend=strong_down ivr=74.6 (high) source=yahoo_synthetic
2026-03-30 07:02:17  INFO      [DataAgent]  Building snapshot for NIFTY...
2026-03-30 07:02:21  WARNING   [DataAgent]    Bridge not running (connection refused)
2026-03-30 07:02:22  INFO      [NSESession]    NSE GET option-chain-indices -> 200 (2 bytes)
2026-03-30 07:02:22  WARNING   [NSESession]    Empty response (Akamai block)
2026-03-30 07:02:22  WARNING   [DataAgent]    NSE API blocked — building synthetic chain...
2026-03-30 07:02:23  INFO      [NSESession]    Yahoo spot for NIFTY: 22627.75
2026-03-30 07:02:25  INFO      [NSESession]    India VIX: 28.52%  52w [9.1%, 28.5%]  IVR=100.0%
2026-03-30 07:02:25  INFO      [DataAgent]    Using real IV from India VIX: 28.5%
2026-03-30 07:02:25  INFO      [DataAgent]    Built synthetic chain: NIFTY spot=22627.75 ATM=22650 IV=29%
2026-03-30 07:02:25  INFO      [DataAgent]    Fetching 3mo history for NIFTY (^NSEI)...
2026-03-30 07:02:26  INFO      [DataAgent]    Live history obtained: 61 days from Yahoo
2026-03-30 07:02:26  INFO      [DataAgent]    EMA20: 23629.92 | Source: live_yahoo | Trend: strong_down
2026-03-30 07:02:26  INFO      [DataAgent]  Snapshot ready in 8.15s — NIFTY spot=22627.75 trend=strong_down ivr=74.1 (high) source=yahoo_synthetic
2026-03-30 07:03:17  INFO      [DataAgent]  Building snapshot for NIFTY...
2026-03-30 07:03:21  WARNING   [DataAgent]    Bridge not running (connection refused)
2026-03-30 07:03:22  INFO      [NSESession]    NSE GET option-chain-indices -> 200 (2 bytes)
2026-03-30 07:03:22  WARNING   [NSESession]    Empty response (Akamai block)
2026-03-30 07:03:22  WARNING   [DataAgent]    NSE API blocked — building synthetic chain...
2026-03-30 07:03:23  INFO      [NSESession]    Yahoo spot for NIFTY: 22631.6
2026-03-30 07:03:25  INFO      [NSESession]    India VIX: 28.51%  52w [9.1%, 28.5%]  IVR=100.0%
2026-03-30 07:03:25  INFO      [DataAgent]    Using real IV from India VIX: 28.5%
2026-03-30 07:03:25  INFO      [DataAgent]    Built synthetic chain: NIFTY spot=22631.6 ATM=22650 IV=29%
2026-03-30 07:03:25  INFO      [DataAgent]    Fetching 3mo history for NIFTY (^NSEI)...
2026-03-30 07:03:26  INFO      [DataAgent]    Live history obtained: 61 days from Yahoo
2026-03-30 07:03:26  INFO      [DataAgent]    EMA20: 23630.41 | Source: live_yahoo | Trend: strong_down
2026-03-30 07:03:26  INFO      [DataAgent]  Snapshot ready in 8.28s — NIFTY spot=22631.6 trend=strong_down ivr=74.0 (high) source=yahoo_synthetic
2026-03-30 07:04:17  INFO      [DataAgent]  Building snapshot for NIFTY...
2026-03-30 07:04:21  WARNING   [DataAgent]    Bridge not running (connection refused)
2026-03-30 07:04:22  INFO      [NSESession]    NSE GET option-chain-indices -> 200 (2 bytes)
2026-03-30 07:04:22  WARNING   [NSESession]    Empty response (Akamai block)
2026-03-30 07:04:22  WARNING   [DataAgent]    NSE API blocked — building synthetic chain...
2026-03-30 07:04:23  INFO      [NSESession]    Yahoo spot for NIFTY: 22667.3
2026-03-30 07:04:24  INFO      [NSESession]    India VIX: 28.41%  52w [9.1%, 28.4%]  IVR=100.0%
2026-03-30 07:04:24  INFO      [DataAgent]    Using real IV from India VIX: 28.4%
2026-03-30 07:04:24  INFO      [DataAgent]    Built synthetic chain: NIFTY spot=22667.3 ATM=22650 IV=28%
2026-03-30 07:04:24  INFO      [DataAgent]    Fetching 3mo history for NIFTY (^NSEI)...
2026-03-30 07:04:25  INFO      [DataAgent]    Live history obtained: 61 days from Yahoo
2026-03-30 07:04:25  INFO      [DataAgent]    EMA20: 23633.79 | Source: live_yahoo | Trend: strong_down
2026-03-30 07:04:25  INFO      [DataAgent]  Snapshot ready in 7.39s — NIFTY spot=22667.3 trend=strong_down ivr=73.6 (high) source=yahoo_synthetic
2026-03-30 07:05:17  INFO      [DataAgent]  Building snapshot for NIFTY...
2026-03-30 07:05:21  WARNING   [DataAgent]    Bridge not running (connection refused)
2026-03-30 07:05:22  INFO      [NSESession]    NSE GET option-chain-indices -> 200 (2 bytes)
2026-03-30 07:05:22  WARNING   [NSESession]    Empty response (Akamai block)
2026-03-30 07:05:22  WARNING   [DataAgent]    NSE API blocked — building synthetic chain...
2026-03-30 07:05:23  INFO      [NSESession]    Yahoo spot for NIFTY: 22678.1
2026-03-30 07:05:25  INFO      [NSESession]    India VIX: 28.29%  52w [9.1%, 28.3%]  IVR=100.0%
2026-03-30 07:05:25  INFO      [DataAgent]    Using real IV from India VIX: 28.3%
2026-03-30 07:05:25  INFO      [DataAgent]    Built synthetic chain: NIFTY spot=22678.1 ATM=22700 IV=28%
2026-03-30 07:05:25  INFO      [DataAgent]    Fetching 3mo history for NIFTY (^NSEI)...
2026-03-30 07:05:26  INFO      [DataAgent]    Live history obtained: 61 days from Yahoo
2026-03-30 07:05:26  INFO      [DataAgent]    EMA20: 23634.37 | Source: live_yahoo | Trend: strong_down
2026-03-30 07:05:26  INFO      [DataAgent]  Snapshot ready in 8.48s — NIFTY spot=22678.1 trend=strong_down ivr=73.2 (high) source=yahoo_synthetic
2026-03-30 07:06:17  INFO      [DataAgent]  Building snapshot for NIFTY...
2026-03-30 07:06:21  WARNING   [DataAgent]    Bridge not running (connection refused)
2026-03-30 07:06:22  INFO      [NSESession]    NSE GET option-chain-indices -> 200 (2 bytes)
2026-03-30 07:06:22  WARNING   [NSESession]    Empty response (Akamai block)
2026-03-30 07:06:22  WARNING   [DataAgent]    NSE API blocked — building synthetic chain...
2026-03-30 07:06:23  INFO      [NSESession]    Yahoo spot for NIFTY: 22684.0
2026-03-30 07:06:25  INFO      [NSESession]    India VIX: 28.33%  52w [9.1%, 28.3%]  IVR=100.0%
2026-03-30 07:06:25  INFO      [DataAgent]    Using real IV from India VIX: 28.3%
2026-03-30 07:06:25  INFO      [DataAgent]    Built synthetic chain: NIFTY spot=22684.0 ATM=22700 IV=28%
2026-03-30 07:06:25  INFO      [DataAgent]    Fetching 3mo history for NIFTY (^NSEI)...
2026-03-30 07:06:26  INFO      [DataAgent]    Live history obtained: 61 days from Yahoo
2026-03-30 07:06:26  INFO      [DataAgent]    EMA20: 23635.73 | Source: live_yahoo | Trend: strong_down
2026-03-30 07:06:26  INFO      [DataAgent]  Snapshot ready in 8.31s — NIFTY spot=22684.0 trend=strong_down ivr=73.3 (high) source=yahoo_synthetic
2026-03-30 07:07:17  INFO      [DataAgent]  Building snapshot for NIFTY...
2026-03-30 07:07:21  WARNING   [DataAgent]    Bridge not running (connection refused)
2026-03-30 07:07:21  INFO      [NSESession]    NSE GET option-chain-indices -> 200 (2 bytes)
2026-03-30 07:07:21  WARNING   [NSESession]    Empty response (Akamai block)
2026-03-30 07:07:21  WARNING   [DataAgent]    NSE API blocked — building synthetic chain...
2026-03-30 07:07:23  INFO      [NSESession]    Yahoo spot for NIFTY: 22698.5
2026-03-30 07:07:24  INFO      [NSESession]    India VIX: 28.18%  52w [9.1%, 28.2%]  IVR=100.0%
2026-03-30 07:07:24  INFO      [DataAgent]    Using real IV from India VIX: 28.2%
2026-03-30 07:07:24  INFO      [DataAgent]    Built synthetic chain: NIFTY spot=22698.5 ATM=22700 IV=28%
2026-03-30 07:07:24  INFO      [DataAgent]    Fetching 3mo history for NIFTY (^NSEI)...
2026-03-30 07:07:24  INFO      [DataAgent]    Live history obtained: 61 days from Yahoo
2026-03-30 07:07:24  INFO      [DataAgent]    EMA20: 23636.45 | Source: live_yahoo | Trend: strong_down
2026-03-30 07:07:28  INFO      [DataAgent]  Snapshot ready in 10.98s — NIFTY spot=22698.5 trend=strong_down ivr=72.7 (high) source=yahoo_synthetic
2026-03-30 07:08:17  INFO      [DataAgent]  Building snapshot for NIFTY...
2026-03-30 07:08:21  WARNING   [DataAgent]    Bridge not running (connection refused)
2026-03-30 07:08:22  INFO      [NSESession]    NSE GET option-chain-indices -> 200 (2 bytes)
2026-03-30 07:08:22  WARNING   [NSESession]    Empty response (Akamai block)
2026-03-30 07:08:22  WARNING   [DataAgent]    NSE API blocked — building synthetic chain...
2026-03-30 07:08:23  INFO      [NSESession]    Yahoo spot for NIFTY: 22697.5
2026-03-30 07:08:24  INFO      [NSESession]    India VIX: 28.22%  52w [9.1%, 28.2%]  IVR=100.0%
2026-03-30 07:08:24  INFO      [DataAgent]    Using real IV from India VIX: 28.2%
2026-03-30 07:08:24  INFO      [DataAgent]    Built synthetic chain: NIFTY spot=22697.5 ATM=22700 IV=28%
2026-03-30 07:08:24  INFO      [DataAgent]    Fetching 3mo history for NIFTY (^NSEI)...
2026-03-30 07:08:24  INFO      [DataAgent]    Live history obtained: 61 days from Yahoo
2026-03-30 07:08:24  INFO      [DataAgent]    EMA20: 23636.46 | Source: live_yahoo | Trend: strong_down
2026-03-30 07:08:24  INFO      [DataAgent]  Snapshot ready in 6.91s — NIFTY spot=22697.5 trend=strong_down ivr=72.9 (high) source=yahoo_synthetic
2026-03-30 07:09:17  INFO      [DataAgent]  Building snapshot for NIFTY...
2026-03-30 07:09:21  WARNING   [DataAgent]    Bridge not running (connection refused)
2026-03-30 07:09:22  INFO      [NSESession]    NSE GET option-chain-indices -> 200 (2 bytes)
2026-03-30 07:09:22  WARNING   [NSESession]    Empty response (Akamai block)
2026-03-30 07:09:22  WARNING   [DataAgent]    NSE API blocked — building synthetic chain...
2026-03-30 07:09:23  INFO      [NSESession]    Yahoo spot for NIFTY: 22671.25
2026-03-30 07:09:24  INFO      [NSESession]    India VIX: 28.31%  52w [9.1%, 28.3%]  IVR=100.0%
2026-03-30 07:09:24  INFO      [DataAgent]    Using real IV from India VIX: 28.3%
2026-03-30 07:09:24  INFO      [DataAgent]    Built synthetic chain: NIFTY spot=22671.25 ATM=22650 IV=28%
2026-03-30 07:09:24  INFO      [DataAgent]    Fetching 3mo history for NIFTY (^NSEI)...
2026-03-30 07:09:25  INFO      [DataAgent]    Live history obtained: 61 days from Yahoo
2026-03-30 07:09:25  INFO      [DataAgent]    EMA20: 23634.04 | Source: live_yahoo | Trend: strong_down
2026-03-30 07:09:25  INFO      [DataAgent]  Snapshot ready in 7.82s — NIFTY spot=22671.25 trend=strong_down ivr=73.2 (high) source=yahoo_synthetic
2026-03-30 07:10:17  INFO      [DataAgent]  Building snapshot for NIFTY...
2026-03-30 07:10:21  WARNING   [DataAgent]    Bridge not running (connection refused)
2026-03-30 07:10:21  INFO      [NSESession]  Building fresh NSE session...
2026-03-30 07:10:23  INFO      [NSESession]    Warmup https://www.nseindia.com -> 200 | cookies: ['ak_bmsc', 'bm_sz']
2026-03-30 07:10:25  INFO      [NSESession]    Warmup https://www.nseindia.com/option-chain -> 200 | cookies: ['nsit', '_abck', 'bm_mi', 'bm_sv']
2026-03-30 07:10:26  INFO      [NSESession]    NSE GET option-chain-indices -> 200 (2 bytes)
2026-03-30 07:10:26  WARNING   [NSESession]    Empty response (Akamai block)
2026-03-30 07:10:26  WARNING   [DataAgent]    NSE API blocked — building synthetic chain...
2026-03-30 07:10:28  INFO      [NSESession]    Yahoo spot for NIFTY: 22659.8
2026-03-30 07:10:29  INFO      [NSESession]    India VIX: 28.27%  52w [9.1%, 28.3%]  IVR=100.0%
2026-03-30 07:10:29  INFO      [DataAgent]    Using real IV from India VIX: 28.3%
2026-03-30 07:10:29  INFO      [DataAgent]    Built synthetic chain: NIFTY spot=22659.8 ATM=22650 IV=28%
2026-03-30 07:10:29  INFO      [DataAgent]    Fetching 3mo history for NIFTY (^NSEI)...
2026-03-30 07:10:30  INFO      [DataAgent]    Live history obtained: 61 days from Yahoo
2026-03-30 07:10:30  INFO      [DataAgent]    EMA20: 23633.15 | Source: live_yahoo | Trend: strong_down
2026-03-30 07:10:30  INFO      [DataAgent]  Snapshot ready in 12.97s — NIFTY spot=22659.8 trend=strong_down ivr=73.1 (high) source=yahoo_synthetic
2026-03-30 07:11:17  INFO      [DataAgent]  Building snapshot for NIFTY...
2026-03-30 07:11:21  WARNING   [DataAgent]    Bridge not running (connection refused)
2026-03-30 07:11:22  INFO      [NSESession]    NSE GET option-chain-indices -> 200 (2 bytes)
2026-03-30 07:11:22  WARNING   [NSESession]    Empty response (Akamai block)
2026-03-30 07:11:22  WARNING   [DataAgent]    NSE API blocked — building synthetic chain...
2026-03-30 07:11:23  INFO      [NSESession]    Yahoo spot for NIFTY: 22694.85
2026-03-30 07:11:25  INFO      [NSESession]    India VIX: 28.32%  52w [9.1%, 28.3%]  IVR=100.0%
2026-03-30 07:11:25  INFO      [DataAgent]    Using real IV from India VIX: 28.3%
2026-03-30 07:11:25  INFO      [DataAgent]    Built synthetic chain: NIFTY spot=22694.85 ATM=22700 IV=28%
2026-03-30 07:11:25  INFO      [DataAgent]    Fetching 3mo history for NIFTY (^NSEI)...
2026-03-30 07:11:26  INFO      [DataAgent]    Live history obtained: 61 days from Yahoo
2026-03-30 07:11:26  INFO      [DataAgent]    EMA20: 23636.76 | Source: live_yahoo | Trend: strong_down
2026-03-30 07:11:26  INFO      [DataAgent]  Snapshot ready in 8.40s — NIFTY spot=22694.85 trend=strong_down ivr=73.3 (high) source=yahoo_synthetic
2026-03-30 07:12:17  INFO      [DataAgent]  Building snapshot for NIFTY...
2026-03-30 07:12:21  WARNING   [DataAgent]    Bridge not running (connection refused)
2026-03-30 07:12:22  INFO      [NSESession]    NSE GET option-chain-indices -> 200 (2 bytes)
2026-03-30 07:12:22  WARNING   [NSESession]    Empty response (Akamai block)
2026-03-30 07:12:22  WARNING   [DataAgent]    NSE API blocked — building synthetic chain...
2026-03-30 07:12:23  INFO      [NSESession]    Yahoo spot for NIFTY: 22687.15
2026-03-30 07:12:25  INFO      [NSESession]    India VIX: 28.31%  52w [9.1%, 28.3%]  IVR=100.0%
2026-03-30 07:12:25  INFO      [DataAgent]    Using real IV from India VIX: 28.3%
2026-03-30 07:12:25  INFO      [DataAgent]    Built synthetic chain: NIFTY spot=22687.15 ATM=22700 IV=28%
2026-03-30 07:12:25  INFO      [DataAgent]    Fetching 3mo history for NIFTY (^NSEI)...
2026-03-30 07:12:26  INFO      [DataAgent]    Live history obtained: 61 days from Yahoo
2026-03-30 07:12:26  INFO      [DataAgent]    EMA20: 23635.45 | Source: live_yahoo | Trend: strong_down
2026-03-30 07:12:32  INFO      [DataAgent]  Snapshot ready in 14.82s — NIFTY spot=22687.15 trend=strong_down ivr=73.2 (high) source=yahoo_synthetic
2026-03-30 07:13:17  INFO      [DataAgent]  Building snapshot for NIFTY...
2026-03-30 07:13:21  WARNING   [DataAgent]    Bridge not running (connection refused)
2026-03-30 07:13:22  INFO      [NSESession]    NSE GET option-chain-indices -> 200 (2 bytes)
2026-03-30 07:13:22  WARNING   [NSESession]    Empty response (Akamai block)
2026-03-30 07:13:22  WARNING   [DataAgent]    NSE API blocked — building synthetic chain...
2026-03-30 07:13:23  INFO      [NSESession]    Yahoo spot for NIFTY: 22680.9
2026-03-30 07:13:24  INFO      [NSESession]    India VIX: 28.32%  52w [9.1%, 28.3%]  IVR=100.0%
2026-03-30 07:13:24  INFO      [DataAgent]    Using real IV from India VIX: 28.3%
2026-03-30 07:13:24  INFO      [DataAgent]    Built synthetic chain: NIFTY spot=22680.9 ATM=22700 IV=28%
2026-03-30 07:13:24  INFO      [DataAgent]    Fetching 3mo history for NIFTY (^NSEI)...
2026-03-30 07:13:24  INFO      [DataAgent]    Live history obtained: 61 days from Yahoo
2026-03-30 07:13:24  INFO      [DataAgent]    EMA20: 23634.9 | Source: live_yahoo | Trend: strong_down
2026-03-30 07:13:24  INFO      [DataAgent]  Snapshot ready in 6.98s — NIFTY spot=22680.9 trend=strong_down ivr=73.3 (high) source=yahoo_synthetic
2026-03-30 07:14:17  INFO      [DataAgent]  Building snapshot for NIFTY...
2026-03-30 07:14:21  WARNING   [DataAgent]    Bridge not running (connection refused)
2026-03-30 07:14:22  INFO      [NSESession]    NSE GET option-chain-indices -> 200 (2 bytes)
2026-03-30 07:14:22  WARNING   [NSESession]    Empty response (Akamai block)
2026-03-30 07:14:22  WARNING   [DataAgent]    NSE API blocked — building synthetic chain...
2026-03-30 07:14:25  INFO      [NSESession]    Yahoo spot for NIFTY: 22657.35
2026-03-30 07:14:26  INFO      [NSESession]    India VIX: 28.30%  52w [9.1%, 28.3%]  IVR=100.0%
2026-03-30 07:14:26  INFO      [DataAgent]    Using real IV from India VIX: 28.3%
2026-03-30 07:14:26  INFO      [DataAgent]    Built synthetic chain: NIFTY spot=22657.35 ATM=22650 IV=28%
2026-03-30 07:14:26  INFO      [DataAgent]    Fetching 3mo history for NIFTY (^NSEI)...
2026-03-30 07:14:27  INFO      [DataAgent]    Live history obtained: 61 days from Yahoo
2026-03-30 07:14:27  INFO      [DataAgent]    EMA20: 23632.43 | Source: live_yahoo | Trend: strong_down
2026-03-30 07:14:27  INFO      [DataAgent]  Snapshot ready in 9.66s — NIFTY spot=22657.35 trend=strong_down ivr=73.2 (high) source=yahoo_synthetic
2026-03-30 07:15:17  INFO      [DataAgent]  Building snapshot for NIFTY...
2026-03-30 07:15:21  WARNING   [DataAgent]    Bridge not running (connection refused)
2026-03-30 07:15:22  INFO      [NSESession]    NSE GET option-chain-indices -> 200 (2 bytes)
2026-03-30 07:15:22  WARNING   [NSESession]    Empty response (Akamai block)
2026-03-30 07:15:22  WARNING   [DataAgent]    NSE API blocked — building synthetic chain...
2026-03-30 07:15:23  INFO      [NSESession]    Yahoo spot for NIFTY: 22677.15
2026-03-30 07:15:25  INFO      [NSESession]    India VIX: 28.36%  52w [9.1%, 28.4%]  IVR=100.0%
2026-03-30 07:15:25  INFO      [DataAgent]    Using real IV from India VIX: 28.4%
2026-03-30 07:15:25  INFO      [DataAgent]    Built synthetic chain: NIFTY spot=22677.15 ATM=22700 IV=28%
2026-03-30 07:15:25  INFO      [DataAgent]    Fetching 3mo history for NIFTY (^NSEI)...
2026-03-30 07:15:26  INFO      [DataAgent]    Live history obtained: 61 days from Yahoo
2026-03-30 07:15:26  INFO      [DataAgent]    EMA20: 23634.63 | Source: live_yahoo | Trend: strong_down
2026-03-30 07:15:26  INFO      [DataAgent]  Snapshot ready in 8.20s — NIFTY spot=22677.15 trend=strong_down ivr=73.4 (high) source=yahoo_synthetic
2026-03-30 07:16:17  INFO      [DataAgent]  Building snapshot for NIFTY...
2026-03-30 07:16:21  WARNING   [DataAgent]    Bridge not running (connection refused)
2026-03-30 07:16:21  INFO      [NSESession]    NSE GET option-chain-indices -> 200 (2 bytes)
2026-03-30 07:16:21  WARNING   [NSESession]    Empty response (Akamai block)
2026-03-30 07:16:21  WARNING   [DataAgent]    NSE API blocked — building synthetic chain...
2026-03-30 07:16:22  INFO      [NSESession]    Yahoo spot for NIFTY: 22683.6
2026-03-30 07:16:23  INFO      [NSESession]    India VIX: 28.34%  52w [9.1%, 28.3%]  IVR=100.0%
2026-03-30 07:16:23  INFO      [DataAgent]    Using real IV from India VIX: 28.3%
2026-03-30 07:16:23  INFO      [DataAgent]    Built synthetic chain: NIFTY spot=22683.6 ATM=22700 IV=28%
2026-03-30 07:16:23  INFO      [DataAgent]    Fetching 3mo history for NIFTY (^NSEI)...
2026-03-30 07:16:24  INFO      [DataAgent]    Live history obtained: 61 days from Yahoo
2026-03-30 07:16:24  INFO      [DataAgent]    EMA20: 23635.16 | Source: live_yahoo | Trend: strong_down
2026-03-30 07:16:24  INFO      [DataAgent]  Snapshot ready in 6.64s — NIFTY spot=22683.6 trend=strong_down ivr=73.4 (high) source=yahoo_synthetic
2026-03-30 07:17:17  INFO      [DataAgent]  Building snapshot for NIFTY...
2026-03-30 07:17:21  WARNING   [DataAgent]    Bridge not running (connection refused)
2026-03-30 07:17:22  INFO      [NSESession]    NSE GET option-chain-indices -> 200 (2 bytes)
2026-03-30 07:17:22  WARNING   [NSESession]    Empty response (Akamai block)
2026-03-30 07:17:22  WARNING   [DataAgent]    NSE API blocked — building synthetic chain...
2026-03-30 07:17:23  INFO      [NSESession]    Yahoo spot for NIFTY: 22687.0
2026-03-30 07:17:25  INFO      [NSESession]    India VIX: 28.34%  52w [9.1%, 28.3%]  IVR=100.0%
2026-03-30 07:17:25  INFO      [DataAgent]    Using real IV from India VIX: 28.3%
2026-03-30 07:17:25  INFO      [DataAgent]    Built synthetic chain: NIFTY spot=22687.0 ATM=22700 IV=28%
2026-03-30 07:17:25  INFO      [DataAgent]    Fetching 3mo history for NIFTY (^NSEI)...
2026-03-30 07:17:26  INFO      [DataAgent]    Live history obtained: 61 days from Yahoo
2026-03-30 07:17:26  INFO      [DataAgent]    EMA20: 23635.52 | Source: live_yahoo | Trend: strong_down
2026-03-30 07:17:32  INFO      [DataAgent]  Snapshot ready in 15.09s — NIFTY spot=22687.0 trend=strong_down ivr=73.4 (high) source=yahoo_synthetic
2026-03-30 07:18:17  INFO      [DataAgent]  Building snapshot for NIFTY...
2026-03-30 07:18:21  WARNING   [DataAgent]    Bridge not running (connection refused)
2026-03-30 07:18:22  INFO      [NSESession]    NSE GET option-chain-indices -> 200 (2 bytes)
2026-03-30 07:18:22  WARNING   [NSESession]    Empty response (Akamai block)
2026-03-30 07:18:22  WARNING   [DataAgent]    NSE API blocked — building synthetic chain...
2026-03-30 07:18:23  INFO      [NSESession]    Yahoo spot for NIFTY: 22652.0
2026-03-30 07:18:25  INFO      [NSESession]    India VIX: 28.41%  52w [9.1%, 28.4%]  IVR=100.0%
2026-03-30 07:18:25  INFO      [DataAgent]    Using real IV from India VIX: 28.4%
2026-03-30 07:18:25  INFO      [DataAgent]    Built synthetic chain: NIFTY spot=22652.0 ATM=22650 IV=28%
2026-03-30 07:18:25  INFO      [DataAgent]    Fetching 3mo history for NIFTY (^NSEI)...
2026-03-30 07:18:26  INFO      [DataAgent]    Live history obtained: 61 days from Yahoo
2026-03-30 07:18:26  INFO      [DataAgent]    EMA20: 23632.13 | Source: live_yahoo | Trend: strong_down
2026-03-30 07:18:26  INFO      [DataAgent]  Snapshot ready in 8.23s — NIFTY spot=22652.0 trend=strong_down ivr=73.6 (high) source=yahoo_synthetic
2026-03-30 07:19:17  INFO      [DataAgent]  Building snapshot for NIFTY...
2026-03-30 07:19:21  WARNING   [DataAgent]    Bridge not running (connection refused)
2026-03-30 07:19:22  INFO      [NSESession]    NSE GET option-chain-indices -> 200 (2 bytes)
2026-03-30 07:19:22  WARNING   [NSESession]    Empty response (Akamai block)
2026-03-30 07:19:22  WARNING   [DataAgent]    NSE API blocked — building synthetic chain...
2026-03-30 07:19:23  INFO      [NSESession]    Yahoo spot for NIFTY: 22630.8
2026-03-30 07:19:25  INFO      [NSESession]    India VIX: 28.47%  52w [9.1%, 28.5%]  IVR=100.0%
2026-03-30 07:19:25  INFO      [DataAgent]    Using real IV from India VIX: 28.5%
2026-03-30 07:19:25  INFO      [DataAgent]    Built synthetic chain: NIFTY spot=22630.8 ATM=22650 IV=28%
2026-03-30 07:19:25  INFO      [DataAgent]    Fetching 3mo history for NIFTY (^NSEI)...
2026-03-30 07:19:26  INFO      [DataAgent]    Live history obtained: 61 days from Yahoo
2026-03-30 07:19:26  INFO      [DataAgent]    EMA20: 23630.15 | Source: live_yahoo | Trend: strong_down
2026-03-30 07:19:26  INFO      [DataAgent]  Snapshot ready in 8.27s — NIFTY spot=22630.8 trend=strong_down ivr=73.9 (high) source=yahoo_synthetic
2026-03-30 07:20:17  INFO      [DataAgent]  Building snapshot for NIFTY...
2026-03-30 07:20:21  WARNING   [DataAgent]    Bridge not running (connection refused)
2026-03-30 07:20:22  INFO      [NSESession]    NSE GET option-chain-indices -> 200 (2 bytes)
2026-03-30 07:20:22  WARNING   [NSESession]    Empty response (Akamai block)
2026-03-30 07:20:22  WARNING   [DataAgent]    NSE API blocked — building synthetic chain...
2026-03-30 07:20:23  INFO      [NSESession]    Yahoo spot for NIFTY: 22617.2
2026-03-30 07:20:25  INFO      [NSESession]    India VIX: 28.43%  52w [9.1%, 28.4%]  IVR=100.0%
2026-03-30 07:20:25  INFO      [DataAgent]    Using real IV from India VIX: 28.4%
2026-03-30 07:20:25  INFO      [DataAgent]    Built synthetic chain: NIFTY spot=22617.2 ATM=22600 IV=28%
2026-03-30 07:20:25  INFO      [DataAgent]    Fetching 3mo history for NIFTY (^NSEI)...
2026-03-30 07:20:26  INFO      [DataAgent]    Live history obtained: 61 days from Yahoo
2026-03-30 07:20:26  INFO      [DataAgent]    EMA20: 23629.05 | Source: live_yahoo | Trend: strong_down
2026-03-30 07:20:26  INFO      [DataAgent]  Snapshot ready in 8.35s — NIFTY spot=22617.2 trend=strong_down ivr=73.7 (high) source=yahoo_synthetic
2026-03-30 07:21:17  INFO      [DataAgent]  Building snapshot for NIFTY...
2026-03-30 07:21:21  WARNING   [DataAgent]    Bridge not running (connection refused)
2026-03-30 07:21:22  INFO      [NSESession]    NSE GET option-chain-indices -> 200 (2 bytes)
2026-03-30 07:21:22  WARNING   [NSESession]    Empty response (Akamai block)
2026-03-30 07:21:22  WARNING   [DataAgent]    NSE API blocked — building synthetic chain...
2026-03-30 07:21:23  INFO      [NSESession]    Yahoo spot for NIFTY: 22637.15
2026-03-30 07:21:25  INFO      [NSESession]    India VIX: 28.41%  52w [9.1%, 28.4%]  IVR=100.0%
2026-03-30 07:21:25  INFO      [DataAgent]    Using real IV from India VIX: 28.4%
2026-03-30 07:21:25  INFO      [DataAgent]    Built synthetic chain: NIFTY spot=22637.15 ATM=22650 IV=28%
2026-03-30 07:21:25  INFO      [DataAgent]    Fetching 3mo history for NIFTY (^NSEI)...
2026-03-30 07:21:26  INFO      [DataAgent]    Live history obtained: 61 days from Yahoo
2026-03-30 07:21:26  INFO      [DataAgent]    EMA20: 23632.42 | Source: live_yahoo | Trend: strong_down
2026-03-30 07:21:26  INFO      [DataAgent]  Snapshot ready in 8.30s — NIFTY spot=22637.15 trend=strong_down ivr=73.6 (high) source=yahoo_synthetic
2026-03-30 07:22:17  INFO      [DataAgent]  Building snapshot for NIFTY...
2026-03-30 07:22:21  WARNING   [DataAgent]    Bridge not running (connection refused)
2026-03-30 07:22:22  INFO      [NSESession]    NSE GET option-chain-indices -> 200 (2 bytes)
2026-03-30 07:22:22  WARNING   [NSESession]    Empty response (Akamai block)
2026-03-30 07:22:22  WARNING   [DataAgent]    NSE API blocked — building synthetic chain...
2026-03-30 07:22:23  INFO      [NSESession]    Yahoo spot for NIFTY: 22651.75
2026-03-30 07:22:24  INFO      [NSESession]    India VIX: 28.41%  52w [9.1%, 28.4%]  IVR=100.0%
2026-03-30 07:22:24  INFO      [DataAgent]    Using real IV from India VIX: 28.4%
2026-03-30 07:22:24  INFO      [DataAgent]    Built synthetic chain: NIFTY spot=22651.75 ATM=22650 IV=28%
2026-03-30 07:22:24  INFO      [DataAgent]    Fetching 3mo history for NIFTY (^NSEI)...
2026-03-30 07:22:25  INFO      [DataAgent]    Live history obtained: 61 days from Yahoo
2026-03-30 07:22:25  INFO      [DataAgent]    EMA20: 23632.12 | Source: live_yahoo | Trend: strong_down
2026-03-30 07:22:25  INFO      [DataAgent]  Snapshot ready in 7.62s — NIFTY spot=22651.75 trend=strong_down ivr=73.6 (high) source=yahoo_synthetic
2026-03-30 07:23:17  INFO      [DataAgent]  Building snapshot for NIFTY...
2026-03-30 07:23:21  WARNING   [DataAgent]    Bridge not running (connection refused)
2026-03-30 07:23:22  INFO      [NSESession]    NSE GET option-chain-indices -> 200 (2 bytes)
2026-03-30 07:23:22  WARNING   [NSESession]    Empty response (Akamai block)
2026-03-30 07:23:22  WARNING   [DataAgent]    NSE API blocked — building synthetic chain...
2026-03-30 07:23:23  INFO      [NSESession]    Yahoo spot for NIFTY: 22643.75
2026-03-30 07:23:24  INFO      [NSESession]    India VIX: 28.41%  52w [9.1%, 28.4%]  IVR=100.0%
2026-03-30 07:23:24  INFO      [DataAgent]    Using real IV from India VIX: 28.4%
2026-03-30 07:23:24  INFO      [DataAgent]    Built synthetic chain: NIFTY spot=22643.75 ATM=22650 IV=28%
2026-03-30 07:23:24  INFO      [DataAgent]    Fetching 3mo history for NIFTY (^NSEI)...
2026-03-30 07:23:25  INFO      [DataAgent]    Live history obtained: 61 days from Yahoo
2026-03-30 07:23:25  INFO      [DataAgent]    EMA20: 23630.92 | Source: live_yahoo | Trend: strong_down
2026-03-30 07:23:31  INFO      [DataAgent]  Snapshot ready in 13.94s — NIFTY spot=22643.75 trend=strong_down ivr=73.6 (high) source=yahoo_synthetic
2026-03-30 07:24:17  INFO      [DataAgent]  Building snapshot for NIFTY...
2026-03-30 07:24:21  WARNING   [DataAgent]    Bridge not running (connection refused)
2026-03-30 07:24:22  INFO      [NSESession]    NSE GET option-chain-indices -> 200 (2 bytes)
2026-03-30 07:24:22  WARNING   [NSESession]    Empty response (Akamai block)
2026-03-30 07:24:22  WARNING   [DataAgent]    NSE API blocked — building synthetic chain...
2026-03-30 07:24:23  INFO      [NSESession]    Yahoo spot for NIFTY: 22630.75
2026-03-30 07:24:25  INFO      [NSESession]    India VIX: 28.36%  52w [9.1%, 28.4%]  IVR=100.0%
2026-03-30 07:24:25  INFO      [DataAgent]    Using real IV from India VIX: 28.4%
2026-03-30 07:24:25  INFO      [DataAgent]    Built synthetic chain: NIFTY spot=22630.75 ATM=22650 IV=28%
2026-03-30 07:24:25  INFO      [DataAgent]    Fetching 3mo history for NIFTY (^NSEI)...
2026-03-30 07:24:26  INFO      [DataAgent]    Live history obtained: 61 days from Yahoo
2026-03-30 07:24:26  INFO      [DataAgent]    EMA20: 23630.14 | Source: live_yahoo | Trend: strong_down
2026-03-30 07:24:26  INFO      [DataAgent]  Snapshot ready in 8.27s — NIFTY spot=22630.75 trend=strong_down ivr=73.4 (high) source=yahoo_synthetic
2026-03-30 07:25:17  INFO      [DataAgent]  Building snapshot for NIFTY...
2026-03-30 07:25:21  WARNING   [DataAgent]    Bridge not running (connection refused)
2026-03-30 07:25:21  INFO      [NSESession]    NSE GET option-chain-indices -> 200 (2 bytes)
2026-03-30 07:25:21  WARNING   [NSESession]    Empty response (Akamai block)
2026-03-30 07:25:21  WARNING   [DataAgent]    NSE API blocked — building synthetic chain...
2026-03-30 07:25:23  INFO      [NSESession]    Yahoo spot for NIFTY: 22614.45
2026-03-30 07:25:24  INFO      [NSESession]    India VIX: 28.34%  52w [9.1%, 28.3%]  IVR=100.0%
2026-03-30 07:25:24  INFO      [DataAgent]    Using real IV from India VIX: 28.3%
2026-03-30 07:25:24  INFO      [DataAgent]    Built synthetic chain: NIFTY spot=22614.45 ATM=22600 IV=28%
2026-03-30 07:25:24  INFO      [DataAgent]    Fetching 3mo history for NIFTY (^NSEI)...
2026-03-30 07:25:25  INFO      [DataAgent]    Live history obtained: 61 days from Yahoo
2026-03-30 07:25:25  INFO      [DataAgent]    EMA20: 23628.7 | Source: live_yahoo | Trend: strong_down
2026-03-30 07:25:25  INFO      [DataAgent]  Snapshot ready in 8.05s — NIFTY spot=22614.45 trend=strong_down ivr=73.4 (high) source=yahoo_synthetic
2026-03-30 07:26:17  INFO      [DataAgent]  Building snapshot for NIFTY...
2026-03-30 07:26:21  WARNING   [DataAgent]    Bridge not running (connection refused)
2026-03-30 07:26:22  INFO      [NSESession]    NSE GET option-chain-indices -> 200 (2 bytes)
2026-03-30 07:26:22  WARNING   [NSESession]    Empty response (Akamai block)
2026-03-30 07:26:22  WARNING   [DataAgent]    NSE API blocked — building synthetic chain...
2026-03-30 07:26:23  INFO      [NSESession]    Yahoo spot for NIFTY: 22617.25
2026-03-30 07:26:25  INFO      [NSESession]    India VIX: 28.28%  52w [9.1%, 28.3%]  IVR=100.0%
2026-03-30 07:26:25  INFO      [DataAgent]    Using real IV from India VIX: 28.3%
2026-03-30 07:26:25  INFO      [DataAgent]    Built synthetic chain: NIFTY spot=22617.25 ATM=22600 IV=28%
2026-03-30 07:26:25  INFO      [DataAgent]    Fetching 3mo history for NIFTY (^NSEI)...
2026-03-30 07:26:26  INFO      [DataAgent]    Live history obtained: 61 days from Yahoo
2026-03-30 07:26:26  INFO      [DataAgent]    EMA20: 23628.84 | Source: live_yahoo | Trend: strong_down
2026-03-30 07:26:26  INFO      [DataAgent]  Snapshot ready in 8.21s — NIFTY spot=22617.25 trend=strong_down ivr=73.1 (high) source=yahoo_synthetic
2026-03-30 07:27:17  INFO      [DataAgent]  Building snapshot for NIFTY...
2026-03-30 07:27:21  WARNING   [DataAgent]    Bridge not running (connection refused)
2026-03-30 07:27:22  INFO      [NSESession]    NSE GET option-chain-indices -> 200 (2 bytes)
2026-03-30 07:27:22  WARNING   [NSESession]    Empty response (Akamai block)
2026-03-30 07:27:22  WARNING   [DataAgent]    NSE API blocked — building synthetic chain...
2026-03-30 07:27:24  INFO      [NSESession]    Yahoo spot for NIFTY: 22628.1
2026-03-30 07:27:25  INFO      [NSESession]    India VIX: 28.35%  52w [9.1%, 28.4%]  IVR=100.0%
2026-03-30 07:27:25  INFO      [DataAgent]    Using real IV from India VIX: 28.4%
2026-03-30 07:27:25  INFO      [DataAgent]    Built synthetic chain: NIFTY spot=22628.1 ATM=22650 IV=28%
2026-03-30 07:27:25  INFO      [DataAgent]    Fetching 3mo history for NIFTY (^NSEI)...
2026-03-30 07:27:26  INFO      [DataAgent]    Live history obtained: 61 days from Yahoo
2026-03-30 07:27:26  INFO      [DataAgent]    EMA20: 23629.75 | Source: live_yahoo | Trend: strong_down
2026-03-30 07:27:26  INFO      [DataAgent]  Snapshot ready in 8.67s — NIFTY spot=22628.1 trend=strong_down ivr=73.4 (high) source=yahoo_synthetic
2026-03-30 07:28:17  INFO      [DataAgent]  Building snapshot for NIFTY...
2026-03-30 07:28:21  WARNING   [DataAgent]    Bridge not running (connection refused)
2026-03-30 07:28:22  INFO      [NSESession]    NSE GET option-chain-indices -> 200 (2 bytes)
2026-03-30 07:28:22  WARNING   [NSESession]    Empty response (Akamai block)
2026-03-30 07:28:22  WARNING   [DataAgent]    NSE API blocked — building synthetic chain...
2026-03-30 07:28:24  INFO      [NSESession]    Yahoo spot for NIFTY: 22606.0
2026-03-30 07:28:26  INFO      [NSESession]    India VIX: 28.34%  52w [9.1%, 28.3%]  IVR=100.0%
2026-03-30 07:28:26  INFO      [DataAgent]    Using real IV from India VIX: 28.3%
2026-03-30 07:28:26  INFO      [DataAgent]    Built synthetic chain: NIFTY spot=22606.0 ATM=22600 IV=28%
2026-03-30 07:28:26  INFO      [DataAgent]    Fetching 3mo history for NIFTY (^NSEI)...
2026-03-30 07:28:27  INFO      [DataAgent]    Live history obtained: 61 days from Yahoo
2026-03-30 07:28:27  INFO      [DataAgent]    EMA20: 23627.99 | Source: live_yahoo | Trend: strong_down
2026-03-30 07:28:33  INFO      [DataAgent]  Snapshot ready in 15.90s — NIFTY spot=22606.0 trend=strong_down ivr=73.4 (high) source=yahoo_synthetic
2026-03-30 07:29:17  INFO      [DataAgent]  Building snapshot for NIFTY...
2026-03-30 07:29:21  WARNING   [DataAgent]    Bridge not running (connection refused)
2026-03-30 07:29:22  INFO      [NSESession]    NSE GET option-chain-indices -> 200 (2 bytes)
2026-03-30 07:29:22  WARNING   [NSESession]    Empty response (Akamai block)
2026-03-30 07:29:22  WARNING   [DataAgent]    NSE API blocked — building synthetic chain...
2026-03-30 07:29:23  INFO      [NSESession]    Yahoo spot for NIFTY: 22603.4
2026-03-30 07:29:25  INFO      [NSESession]    India VIX: 28.32%  52w [9.1%, 28.3%]  IVR=100.0%
2026-03-30 07:29:25  INFO      [DataAgent]    Using real IV from India VIX: 28.3%
2026-03-30 07:29:25  INFO      [DataAgent]    Built synthetic chain: NIFTY spot=22603.4 ATM=22600 IV=28%
2026-03-30 07:29:25  INFO      [DataAgent]    Fetching 3mo history for NIFTY (^NSEI)...
2026-03-30 07:29:26  INFO      [DataAgent]    Live history obtained: 61 days from Yahoo
2026-03-30 07:29:26  INFO      [DataAgent]    EMA20: 23627.74 | Source: live_yahoo | Trend: strong_down
2026-03-30 07:29:26  INFO      [DataAgent]  Snapshot ready in 8.31s — NIFTY spot=22603.4 trend=strong_down ivr=73.3 (high) source=yahoo_synthetic
2026-03-30 07:30:17  INFO      [DataAgent]  Building snapshot for NIFTY...
2026-03-30 07:30:21  WARNING   [DataAgent]    Bridge not running (connection refused)
2026-03-30 07:30:22  INFO      [NSESession]    NSE GET option-chain-indices -> 200 (2 bytes)
2026-03-30 07:30:22  WARNING   [NSESession]    Empty response (Akamai block)
2026-03-30 07:30:22  WARNING   [DataAgent]    NSE API blocked — building synthetic chain...
2026-03-30 07:30:23  INFO      [NSESession]    Yahoo spot for NIFTY: 22612.75
2026-03-30 07:30:25  INFO      [NSESession]    India VIX: 28.38%  52w [9.1%, 28.4%]  IVR=100.0%
2026-03-30 07:30:25  INFO      [DataAgent]    Using real IV from India VIX: 28.4%
2026-03-30 07:30:25  INFO      [DataAgent]    Built synthetic chain: NIFTY spot=22612.75 ATM=22600 IV=28%
2026-03-30 07:30:25  INFO      [DataAgent]    Fetching 3mo history for NIFTY (^NSEI)...
2026-03-30 07:30:26  INFO      [DataAgent]    Live history obtained: 61 days from Yahoo
2026-03-30 07:30:26  INFO      [DataAgent]    EMA20: 23628.62 | Source: live_yahoo | Trend: strong_down
2026-03-30 07:30:26  INFO      [DataAgent]  Snapshot ready in 8.31s — NIFTY spot=22612.75 trend=strong_down ivr=73.5 (high) source=yahoo_synthetic
2026-03-30 10:01:22  INFO      [DataAgent]  Building snapshot for NIFTY...
2026-03-30 10:01:26  WARNING   [DataAgent]    Bridge not running (connection refused)
2026-03-30 10:01:26  INFO      [NSESession]  Building fresh NSE session...
2026-03-30 10:01:27  INFO      [NSESession]    Warmup https://www.nseindia.com -> 200 | cookies: ['ak_bmsc', 'bm_sz']
2026-03-30 10:01:29  INFO      [NSESession]    Warmup https://www.nseindia.com/option-chain -> 200 | cookies: ['nsit', '_abck', 'bm_mi', 'bm_sv']
2026-03-30 10:01:32  INFO      [NSESession]    NSE GET option-chain-indices -> 200 (2 bytes)
2026-03-30 10:01:32  WARNING   [NSESession]    Empty response (Akamai block)
2026-03-30 10:01:32  WARNING   [DataAgent]    NSE API blocked — building synthetic chain...
2026-03-30 10:01:37  INFO      [NSESession]    Yahoo spot for NIFTY: 22509.6
2026-03-30 10:01:40  INFO      [NSESession]    India VIX: 28.14%  52w [9.1%, 28.1%]  IVR=100.0%
2026-03-30 10:01:40  INFO      [DataAgent]    Using real IV from India VIX: 28.1%
2026-03-30 10:01:40  INFO      [DataAgent]    Built synthetic chain: NIFTY spot=22509.6 ATM=22500 IV=28%
2026-03-30 10:01:40  INFO      [DataAgent]    Fetching 3mo history for NIFTY (^NSEI)...
2026-03-30 10:01:44  INFO      [DataAgent]    Live history obtained: 61 days from Yahoo
2026-03-30 10:01:44  INFO      [DataAgent]    EMA20: 23618.89 | Source: live_yahoo | Trend: strong_down
2026-03-30 10:02:00  INFO      [DataAgent]  Building snapshot for NIFTY...
2026-03-30 10:02:04  WARNING   [DataAgent]    Bridge not running (connection refused)
2026-03-30 10:02:05  INFO      [NSESession]    NSE GET option-chain-indices -> 200 (2 bytes)
2026-03-30 10:02:05  WARNING   [NSESession]    Empty response (Akamai block)
2026-03-30 10:02:05  WARNING   [DataAgent]    NSE API blocked — building synthetic chain...
2026-03-30 10:02:07  INFO      [NSESession]    Yahoo spot for NIFTY: 22520.8
2026-03-30 10:02:10  INFO      [NSESession]    India VIX: 28.12%  52w [9.1%, 28.1%]  IVR=100.0%
2026-03-30 10:02:10  INFO      [DataAgent]    Using real IV from India VIX: 28.1%
2026-03-30 10:02:10  INFO      [DataAgent]    Built synthetic chain: NIFTY spot=22520.8 ATM=22500 IV=28%
2026-03-30 10:02:10  INFO      [DataAgent]    Fetching 3mo history for NIFTY (^NSEI)...
2026-03-30 10:02:13  INFO      [DataAgent]  Building snapshot for NIFTY...
2026-03-30 10:02:15  INFO      [DataAgent]    Live history obtained: 61 days from Yahoo
2026-03-30 10:02:15  INFO      [DataAgent]    EMA20: 23619.89 | Source: live_yahoo | Trend: strong_down
2026-03-30 10:02:17  WARNING   [DataAgent]    Bridge not running (connection refused)
2026-03-30 10:02:18  INFO      [DataAgent]  Snapshot ready in 55.64s — NIFTY spot=22509.6 trend=strong_down ivr=72.6 (high) source=yahoo_synthetic
2026-03-30 10:02:19  INFO      [NSESession]    NSE GET option-chain-indices -> 200 (2 bytes)
2026-03-30 10:02:19  WARNING   [NSESession]    Empty response (Akamai block)
2026-03-30 10:02:19  WARNING   [DataAgent]    NSE API blocked — building synthetic chain...
2026-03-30 10:02:23  INFO      [DataAgent]  Building snapshot for NIFTY...
2026-03-30 10:02:23  INFO      [NSESession]    Yahoo spot for NIFTY: 22519.9
2026-03-30 10:02:27  INFO      [NSESession]    India VIX: 28.12%  52w [9.1%, 28.1%]  IVR=100.0%
2026-03-30 10:02:27  INFO      [DataAgent]    Using real IV from India VIX: 28.1%
2026-03-30 10:02:27  INFO      [DataAgent]    Built synthetic chain: NIFTY spot=22519.9 ATM=22500 IV=28%
2026-03-30 10:02:27  INFO      [DataAgent]    Fetching 3mo history for NIFTY (^NSEI)...
2026-03-30 10:02:27  WARNING   [DataAgent]    Bridge not running (connection refused)
2026-03-30 10:02:30  INFO      [DataAgent]    Live history obtained: 61 days from Yahoo
2026-03-30 10:02:30  INFO      [DataAgent]    EMA20: 23619.59 | Source: live_yahoo | Trend: strong_down
2026-03-30 10:02:30  INFO      [DataAgent]  Snapshot ready in 17.50s — NIFTY spot=22519.9 trend=strong_down ivr=72.5 (high) source=yahoo_synthetic
2026-03-30 10:02:31  INFO      [NSESession]    NSE GET option-chain-indices -> 200 (2 bytes)
2026-03-30 10:02:31  WARNING   [NSESession]    Empty response (Akamai block)
2026-03-30 10:02:31  WARNING   [DataAgent]    NSE API blocked — building synthetic chain...
2026-03-30 10:02:35  INFO      [NSESession]    Yahoo spot for NIFTY: 22514.8
2026-03-30 10:02:39  INFO      [NSESession]    India VIX: 28.14%  52w [9.1%, 28.1%]  IVR=100.0%
2026-03-30 10:02:39  INFO      [DataAgent]    Using real IV from India VIX: 28.1%
2026-03-30 10:02:39  INFO      [DataAgent]    Built synthetic chain: NIFTY spot=22514.8 ATM=22500 IV=28%
2026-03-30 10:02:39  INFO      [DataAgent]    Fetching 3mo history for NIFTY (^NSEI)...
2026-03-30 10:02:41  INFO      [DataAgent]    Live history obtained: 61 days from Yahoo
2026-03-30 10:02:41  INFO      [DataAgent]    EMA20: 23618.92 | Source: live_yahoo | Trend: strong_down
2026-03-30 10:02:41  INFO      [DataAgent]  Snapshot ready in 18.77s — NIFTY spot=22514.8 trend=strong_down ivr=72.6 (high) source=yahoo_synthetic
2026-03-30 10:02:51  INFO      [DataAgent]  Snapshot ready in 51.48s — NIFTY spot=22520.8 trend=strong_down ivr=72.5 (high) source=yahoo_synthetic
2026-03-30 10:02:52  INFO      [DataAgent]  Building snapshot for NIFTY...
2026-03-30 10:02:56  WARNING   [DataAgent]    Bridge not running (connection refused)
2026-03-30 10:02:57  INFO      [NSESession]    NSE GET option-chain-indices -> 200 (2 bytes)
2026-03-30 10:02:57  WARNING   [NSESession]    Empty response (Akamai block)
2026-03-30 10:02:57  WARNING   [DataAgent]    NSE API blocked — building synthetic chain...
2026-03-30 10:03:00  INFO      [NSESession]    Yahoo spot for NIFTY: 22512.65
2026-03-30 10:03:04  INFO      [NSESession]    India VIX: 28.16%  52w [9.1%, 28.2%]  IVR=100.0%
2026-03-30 10:03:04  INFO      [DataAgent]    Using real IV from India VIX: 28.2%
2026-03-30 10:03:04  INFO      [DataAgent]    Built synthetic chain: NIFTY spot=22512.65 ATM=22500 IV=28%
2026-03-30 10:03:04  INFO      [DataAgent]    Fetching 3mo history for NIFTY (^NSEI)...
2026-03-30 10:03:07  INFO      [DataAgent]    Live history obtained: 61 days from Yahoo
2026-03-30 10:03:07  INFO      [DataAgent]    EMA20: 23618.85 | Source: live_yahoo | Trend: strong_down
2026-03-30 10:03:07  INFO      [DataAgent]  Snapshot ready in 14.67s — NIFTY spot=22512.65 trend=strong_down ivr=72.6 (high) source=yahoo_synthetic
2026-03-30 10:03:22  INFO      [DataAgent]  Building snapshot for NIFTY...
2026-03-30 10:03:26  WARNING   [DataAgent]    Bridge not running (connection refused)
2026-03-30 10:03:27  INFO      [NSESession]    NSE GET option-chain-indices -> 200 (2 bytes)
2026-03-30 10:03:27  WARNING   [NSESession]    Empty response (Akamai block)
2026-03-30 10:03:27  WARNING   [DataAgent]    NSE API blocked — building synthetic chain...
2026-03-30 10:03:30  INFO      [NSESession]    Yahoo spot for NIFTY: 22512.85
2026-03-30 10:03:36  INFO      [NSESession]    India VIX: 28.18%  52w [9.1%, 28.2%]  IVR=100.0%
2026-03-30 10:03:36  INFO      [DataAgent]    Using real IV from India VIX: 28.2%
2026-03-30 10:03:36  INFO      [DataAgent]    Built synthetic chain: NIFTY spot=22512.85 ATM=22500 IV=28%
2026-03-30 10:03:36  INFO      [DataAgent]    Fetching 3mo history for NIFTY (^NSEI)...
2026-03-30 10:03:40  INFO      [DataAgent]    Live history obtained: 61 days from Yahoo
2026-03-30 10:03:40  INFO      [DataAgent]    EMA20: 23618.63 | Source: live_yahoo | Trend: strong_down
2026-03-30 10:03:40  INFO      [DataAgent]  Snapshot ready in 17.23s — NIFTY spot=22512.85 trend=strong_down ivr=72.7 (high) source=yahoo_synthetic
2026-03-30 10:03:52  INFO      [DataAgent]  Building snapshot for NIFTY...
2026-03-30 10:03:56  WARNING   [DataAgent]    Bridge not running (connection refused)
2026-03-30 10:03:57  INFO      [NSESession]    NSE GET option-chain-indices -> 200 (2 bytes)
2026-03-30 10:03:57  WARNING   [NSESession]    Empty response (Akamai block)
2026-03-30 10:03:57  WARNING   [DataAgent]    NSE API blocked — building synthetic chain...
2026-03-30 10:04:01  INFO      [NSESession]    Yahoo spot for NIFTY: 22508.85
2026-03-30 10:04:05  INFO      [NSESession]    India VIX: 28.18%  52w [9.1%, 28.2%]  IVR=100.0%
2026-03-30 10:04:05  INFO      [DataAgent]    Using real IV from India VIX: 28.2%
2026-03-30 10:04:05  INFO      [DataAgent]    Built synthetic chain: NIFTY spot=22508.85 ATM=22500 IV=28%
2026-03-30 10:04:05  INFO      [DataAgent]    Fetching 3mo history for NIFTY (^NSEI)...
2026-03-30 10:04:08  INFO      [DataAgent]    Live history obtained: 61 days from Yahoo
2026-03-30 10:04:08  INFO      [DataAgent]    EMA20: 23618.99 | Source: live_yahoo | Trend: strong_down
2026-03-30 10:04:08  INFO      [DataAgent]  Snapshot ready in 15.43s — NIFTY spot=22508.85 trend=strong_down ivr=72.7 (high) source=yahoo_synthetic
2026-03-30 10:04:08  ERROR     [Orchestrator]  Error sending response: [WinError 10053] An established connection was aborted by the software in your host machine
