2026-04-06 06:45:47  INFO      [UnifiedEngine]  🚀 Master API Server launching on http://localhost:7778
2026-04-06 06:46:04  INFO      [UnifiedEngine]  Launching Live NSE Market Bridge...
2026-04-06 06:46:05  INFO      [UnifiedEngine]  Bootstrapping connection (Initial landing)...
2026-04-06 06:46:05  INFO      [DataAgent]  Building snapshot for NIFTY...
2026-04-06 06:46:09  INFO      [NSESession]  Building fresh NSE session...
2026-04-06 06:46:10  INFO      [NSESession]    Warmup https://www.nseindia.com -> 200 | cookies: ['ak_bmsc', 'bm_sz']
2026-04-06 06:46:12  INFO      [UnifiedEngine]  Connecting to NSE market feed...
2026-04-06 06:46:12  INFO      [NSESession]    Warmup https://www.nseindia.com/option-chain -> 200 | cookies: ['nsit', '_abck', 'bm_mi', 'bm_sv']
2026-04-06 06:46:14  INFO      [NSESession]    NSE GET option-chain-indices -> 200 (2 bytes)
2026-04-06 06:46:14  WARNING   [NSESession]    Empty response (Akamai block)
2026-04-06 06:46:14  WARNING   [DataAgent]    NSE API blocked — building synthetic chain...
2026-04-06 06:46:16  INFO      [NSESession]    Yahoo spot for NIFTY: 22670.65
2026-04-06 06:46:18  INFO      [NSESession]    India VIX: 26.05%  52w [9.1%, 27.9%]  IVR=90.2%
2026-04-06 06:46:18  INFO      [DataAgent]    Using real IV from India VIX: 26.1%
2026-04-06 06:46:18  INFO      [DataAgent]    Built synthetic chain: NIFTY spot=22670.65 ATM=22650 IV=26%
2026-04-06 06:46:18  INFO      [DB]  Database ready: D:\nse_data\options_chain.db
2026-04-06 06:46:18  INFO      [DataAgent]    Fetching 3mo history for NIFTY (^NSEI)...
2026-04-06 06:46:19  INFO      [UnifiedEngine]  ✨ Captured LIVE data for NIFTY to Internal Registry.
2026-04-06 06:46:19  INFO      [UnifiedEngine]  ✨ Captured LIVE data for NIFTY to Internal Registry.
2026-04-06 06:46:26  INFO      [DataAgent]    Live history obtained: 59 days from Yahoo
2026-04-06 06:46:26  INFO      [DataAgent]    EMA20: 23367.69 | Source: live_yahoo | Trend: strong_down
2026-04-06 06:46:33  INFO      [DataAgent]  Snapshot ready in 28.42s — Source: yahoo_synthetic (Age: 15s)
2026-04-06 06:47:05  INFO      [DataAgent]  Building snapshot for NIFTY...
2026-04-06 06:47:05  INFO      [DataAgent]    Fetching 3mo history for NIFTY (^NSEI)...
2026-04-06 06:47:06  INFO      [DataAgent]    Live history obtained: 59 days from Yahoo
2026-04-06 06:47:06  INFO      [DataAgent]    EMA20: 23364.84 | Source: live_yahoo | Trend: strong_down
2026-04-06 06:47:06  INFO      [DataAgent]  Snapshot ready in 1.07s — Source: playwright_bridge (Age: 46s)
2026-04-06 06:47:15  INFO      [UnifiedEngine]  Heartbeat: Refreshing NSE page for fresh data...
2026-04-06 06:47:21  INFO      [UnifiedEngine]  ✨ Captured LIVE data for NIFTY to Internal Registry.
2026-04-06 06:47:21  INFO      [UnifiedEngine]  ✨ Captured LIVE data for NIFTY to Internal Registry.
2026-04-06 06:48:05  INFO      [DataAgent]  Building snapshot for NIFTY...
2026-04-06 06:48:05  INFO      [DataAgent]    Fetching 3mo history for NIFTY (^NSEI)...
2026-04-06 06:48:06  INFO      [DataAgent]    Live history obtained: 59 days from Yahoo
2026-04-06 06:48:06  INFO      [DataAgent]    EMA20: 23361.25 | Source: live_yahoo | Trend: strong_down
2026-04-06 06:48:06  INFO      [DataAgent]  Snapshot ready in 1.22s — Source: playwright_bridge (Age: 45s)
2026-04-06 06:48:16  INFO      [UnifiedEngine]  Heartbeat: Refreshing NSE page for fresh data...
2026-04-06 06:48:23  INFO      [UnifiedEngine]  ✨ Captured LIVE data for NIFTY to Internal Registry.
2026-04-06 06:48:23  INFO      [UnifiedEngine]  ✨ Captured LIVE data for NIFTY to Internal Registry.
2026-04-06 06:49:05  INFO      [DataAgent]  Building snapshot for NIFTY...
2026-04-06 06:49:05  INFO      [DataAgent]    Fetching 3mo history for NIFTY (^NSEI)...
2026-04-06 06:49:06  INFO      [DataAgent]    Live history obtained: 59 days from Yahoo
2026-04-06 06:49:06  INFO      [DataAgent]    EMA20: 23360.26 | Source: live_yahoo | Trend: strong_down
2026-04-06 06:49:06  INFO      [DataAgent]  Snapshot ready in 1.11s — Source: playwright_bridge (Age: 43s)
2026-04-06 06:49:18  INFO      [UnifiedEngine]  Heartbeat: Refreshing NSE page for fresh data...
2026-04-06 06:49:25  INFO      [UnifiedEngine]  ✨ Captured LIVE data for NIFTY to Internal Registry.
2026-04-06 06:49:25  INFO      [UnifiedEngine]  ✨ Captured LIVE data for NIFTY to Internal Registry.
2026-04-06 06:50:05  INFO      [DataAgent]  Building snapshot for NIFTY...
2026-04-06 06:50:05  INFO      [DataAgent]    Fetching 3mo history for NIFTY (^NSEI)...
2026-04-06 06:50:06  INFO      [DataAgent]    Live history obtained: 59 days from Yahoo
2026-04-06 06:50:06  INFO      [DataAgent]    EMA20: 23366.92 | Source: live_yahoo | Trend: strong_down
2026-04-06 06:50:06  INFO      [DataAgent]  Snapshot ready in 1.02s — Source: playwright_bridge (Age: 40s)
2026-04-06 06:50:20  INFO      [UnifiedEngine]  Heartbeat: Refreshing NSE page for fresh data...
2026-04-06 06:50:27  INFO      [UnifiedEngine]  ✨ Captured LIVE data for NIFTY to Internal Registry.
2026-04-06 06:50:27  INFO      [UnifiedEngine]  ✨ Captured LIVE data for NIFTY to Internal Registry.
2026-04-06 06:51:05  INFO      [DataAgent]  Building snapshot for NIFTY...
2026-04-06 06:51:05  INFO      [DataAgent]    Fetching 3mo history for NIFTY (^NSEI)...
2026-04-06 06:51:06  INFO      [DataAgent]    Live history obtained: 59 days from Yahoo
2026-04-06 06:51:06  INFO      [DataAgent]    EMA20: 23366.17 | Source: live_yahoo | Trend: strong_down
2026-04-06 06:51:06  INFO      [DataAgent]  Snapshot ready in 1.03s — Source: playwright_bridge (Age: 38s)
2026-04-06 06:51:23  INFO      [UnifiedEngine]  Heartbeat: Refreshing NSE page for fresh data...
2026-04-06 06:51:24  INFO      [UnifiedEngine]  ✨ Captured LIVE data for NIFTY to Internal Registry.
2026-04-06 06:51:29  INFO      [UnifiedEngine]  ✨ Captured LIVE data for NIFTY to Internal Registry.
2026-04-06 06:52:05  INFO      [DataAgent]  Building snapshot for NIFTY...
2026-04-06 06:52:05  INFO      [DataAgent]    Fetching 3mo history for NIFTY (^NSEI)...
2026-04-06 06:52:06  INFO      [DataAgent]    Live history obtained: 59 days from Yahoo
2026-04-06 06:52:06  INFO      [DataAgent]    EMA20: 23363.31 | Source: live_yahoo | Trend: strong_down
2026-04-06 06:52:13  INFO      [DataAgent]  Snapshot ready in 8.70s — Source: playwright_bridge (Age: 43s)
2026-04-06 06:52:25  INFO      [UnifiedEngine]  Heartbeat: Refreshing NSE page for fresh data...
2026-04-06 06:52:31  INFO      [UnifiedEngine]  ✨ Captured LIVE data for NIFTY to Internal Registry.
2026-04-06 06:52:31  INFO      [UnifiedEngine]  ✨ Captured LIVE data for NIFTY to Internal Registry.
2026-04-06 06:53:05  INFO      [DataAgent]  Building snapshot for NIFTY...
2026-04-06 06:53:05  INFO      [DataAgent]    Fetching 3mo history for NIFTY (^NSEI)...
2026-04-06 06:53:06  INFO      [DataAgent]    Live history obtained: 59 days from Yahoo
2026-04-06 06:53:06  INFO      [DataAgent]    EMA20: 23364.55 | Source: live_yahoo | Trend: strong_down
2026-04-06 06:53:06  INFO      [DataAgent]  Snapshot ready in 1.08s — Source: playwright_bridge (Age: 34s)
2026-04-06 06:53:27  INFO      [UnifiedEngine]  Heartbeat: Refreshing NSE page for fresh data...
2026-04-06 06:53:28  INFO      [UnifiedEngine]  ✨ Captured LIVE data for NIFTY to Internal Registry.
2026-04-06 06:53:33  INFO      [UnifiedEngine]  ✨ Captured LIVE data for NIFTY to Internal Registry.
2026-04-06 06:54:05  INFO      [DataAgent]  Building snapshot for NIFTY...
2026-04-06 06:54:05  INFO      [DataAgent]    Fetching 3mo history for NIFTY (^NSEI)...
2026-04-06 06:54:06  INFO      [DataAgent]    Live history obtained: 59 days from Yahoo
2026-04-06 06:54:06  INFO      [DataAgent]    EMA20: 23364.36 | Source: live_yahoo | Trend: strong_down
2026-04-06 06:54:06  INFO      [DataAgent]  Snapshot ready in 1.03s — Source: playwright_bridge (Age: 32s)
2026-04-06 06:54:29  INFO      [UnifiedEngine]  Heartbeat: Refreshing NSE page for fresh data...
2026-04-06 06:54:35  INFO      [UnifiedEngine]  ✨ Captured LIVE data for NIFTY to Internal Registry.
2026-04-06 06:54:35  INFO      [UnifiedEngine]  ✨ Captured LIVE data for NIFTY to Internal Registry.
2026-04-06 06:55:05  INFO      [DataAgent]  Building snapshot for NIFTY...
2026-04-06 06:55:05  INFO      [DataAgent]    Fetching 3mo history for NIFTY (^NSEI)...
2026-04-06 06:55:06  INFO      [DataAgent]    Live history obtained: 59 days from Yahoo
2026-04-06 06:55:06  INFO      [DataAgent]    EMA20: 23363.04 | Source: live_yahoo | Trend: strong_down
2026-04-06 06:55:06  INFO      [DataAgent]  Snapshot ready in 1.26s — Source: playwright_bridge (Age: 30s)
2026-04-06 06:55:31  INFO      [UnifiedEngine]  Heartbeat: Refreshing NSE page for fresh data...
2026-04-06 06:55:32  INFO      [UnifiedEngine]  ✨ Captured LIVE data for NIFTY to Internal Registry.
2026-04-06 06:55:38  INFO      [UnifiedEngine]  ✨ Captured LIVE data for NIFTY to Internal Registry.
2026-04-06 06:56:05  INFO      [DataAgent]  Building snapshot for NIFTY...
2026-04-06 06:56:05  INFO      [DataAgent]    Fetching 3mo history for NIFTY (^NSEI)...
2026-04-06 06:56:06  INFO      [DataAgent]    Live history obtained: 59 days from Yahoo
2026-04-06 06:56:06  INFO      [DataAgent]    EMA20: 23362.3 | Source: live_yahoo | Trend: strong_down
2026-04-06 06:56:06  INFO      [DataAgent]  Snapshot ready in 1.12s — Source: playwright_bridge (Age: 28s)
2026-04-06 06:56:33  INFO      [UnifiedEngine]  Heartbeat: Refreshing NSE page for fresh data...
2026-04-06 06:56:39  INFO      [UnifiedEngine]  ✨ Captured LIVE data for NIFTY to Internal Registry.
2026-04-06 06:56:39  INFO      [UnifiedEngine]  ✨ Captured LIVE data for NIFTY to Internal Registry.
2026-04-06 06:57:05  INFO      [DataAgent]  Building snapshot for NIFTY...
2026-04-06 06:57:05  INFO      [DataAgent]    Fetching 3mo history for NIFTY (^NSEI)...
2026-04-06 06:57:06  INFO      [DataAgent]    Live history obtained: 59 days from Yahoo
2026-04-06 06:57:06  INFO      [DataAgent]    EMA20: 23362.44 | Source: live_yahoo | Trend: strong_down
2026-04-06 06:57:18  INFO      [DataAgent]  Snapshot ready in 12.64s — Source: playwright_bridge (Age: 38s)
2026-04-06 06:57:35  INFO      [UnifiedEngine]  Heartbeat: Refreshing NSE page for fresh data...
2026-04-06 06:57:41  INFO      [UnifiedEngine]  ✨ Captured LIVE data for NIFTY to Internal Registry.
2026-04-06 06:57:41  INFO      [UnifiedEngine]  ✨ Captured LIVE data for NIFTY to Internal Registry.
2026-04-06 06:57:52  INFO      [UnifiedEngine]  Master Engine shutting down...
