2026-04-11 16:15:25  INFO      [UnifiedEngine]  🚀 Master API Server launching on http://localhost:7778
2026-04-11 16:15:32  INFO      [UnifiedEngine]  Launching Live NSE Market Bridge...
2026-04-11 16:15:33  INFO      [UnifiedEngine]  Bootstrapping connection (Initial landing)...
2026-04-11 16:15:33  INFO      [DataAgent]  Building snapshot for NIFTY...
2026-04-11 16:15:37  INFO      [NSESession]  Building fresh NSE session...
2026-04-11 16:15:38  INFO      [NSESession]    Warmup https://www.nseindia.com -> 200 | cookies: ['ak_bmsc', 'bm_sz']
2026-04-11 16:15:40  INFO      [UnifiedEngine]  Connecting to NSE market feed...
2026-04-11 16:15:41  INFO      [NSESession]    Warmup https://www.nseindia.com/option-chain -> 200 | cookies: ['nsit', '_abck', 'bm_mi', 'bm_sv']
2026-04-11 16:15:43  INFO      [NSESession]    NSE GET option-chain-indices -> 200 (2 bytes)
2026-04-11 16:15:43  WARNING   [NSESession]    Empty response (Akamai block)
2026-04-11 16:15:43  WARNING   [DataAgent]    NSE API blocked — building synthetic chain...
2026-04-11 16:15:44  INFO      [NSESession]    Yahoo spot for NIFTY: 24050.6
2026-04-11 16:15:45  INFO      [NSESession]    India VIX: 18.85%  52w [9.1%, 27.9%]  IVR=51.8%
2026-04-11 16:15:45  INFO      [DataAgent]    Using real IV from India VIX: 18.9%
2026-04-11 16:15:45  INFO      [DataAgent]    Built synthetic chain: NIFTY spot=24050.6 ATM=24050 IV=19%
2026-04-11 16:15:45  INFO      [DB]  Database ready: D:\nse_data\options_chain.db
2026-04-11 16:15:45  INFO      [DataAgent]    Fetching 3mo history for NIFTY (^NSEI)...
2026-04-11 16:15:48  INFO      [UnifiedEngine]  ✨ Captured LIVE data for NIFTY to Internal Registry.
2026-04-11 16:15:48  INFO      [UnifiedEngine]  ✨ Captured LIVE data for NIFTY to Internal Registry.
2026-04-11 16:15:51  INFO      [DataAgent]    Live history obtained: 59 days from Yahoo
2026-04-11 16:15:51  INFO      [DataAgent]    EMA20: 23515.99 | Source: live_yahoo | Trend: strong_up
2026-04-11 16:15:54  INFO      [DataAgent]  Snapshot ready in 21.42s — Source: yahoo_synthetic (Age: 9s)
2026-04-11 16:16:43  INFO      [UnifiedEngine]  Heartbeat: Refreshing NSE page for fresh data...
2026-04-11 16:16:50  INFO      [UnifiedEngine]  ✨ Captured LIVE data for NIFTY to Internal Registry.
2026-04-11 16:16:50  INFO      [UnifiedEngine]  ✨ Captured LIVE data for NIFTY to Internal Registry.
2026-04-11 16:17:45  INFO      [UnifiedEngine]  Heartbeat: Refreshing NSE page for fresh data...
2026-04-11 16:17:53  INFO      [UnifiedEngine]  ✨ Captured LIVE data for NIFTY to Internal Registry.
2026-04-11 16:17:53  INFO      [UnifiedEngine]  ✨ Captured LIVE data for NIFTY to Internal Registry.
2026-04-11 16:18:48  INFO      [UnifiedEngine]  Heartbeat: Refreshing NSE page for fresh data...
2026-04-11 16:18:55  INFO      [UnifiedEngine]  ✨ Captured LIVE data for NIFTY to Internal Registry.
2026-04-11 16:18:55  INFO      [UnifiedEngine]  ✨ Captured LIVE data for NIFTY to Internal Registry.
2026-04-11 16:19:50  INFO      [UnifiedEngine]  Heartbeat: Refreshing NSE page for fresh data...
2026-04-11 16:19:57  INFO      [UnifiedEngine]  ✨ Captured LIVE data for NIFTY to Internal Registry.
2026-04-11 16:19:57  INFO      [UnifiedEngine]  ✨ Captured LIVE data for NIFTY to Internal Registry.
2026-04-11 16:20:52  INFO      [UnifiedEngine]  Heartbeat: Refreshing NSE page for fresh data...
2026-04-11 16:20:59  INFO      [UnifiedEngine]  ✨ Captured LIVE data for NIFTY to Internal Registry.
2026-04-11 16:20:59  INFO      [UnifiedEngine]  ✨ Captured LIVE data for NIFTY to Internal Registry.
2026-04-11 16:21:55  INFO      [UnifiedEngine]  Heartbeat: Refreshing NSE page for fresh data...
2026-04-11 16:22:02  INFO      [UnifiedEngine]  ✨ Captured LIVE data for NIFTY to Internal Registry.
2026-04-11 16:22:02  INFO      [UnifiedEngine]  ✨ Captured LIVE data for NIFTY to Internal Registry.
2026-04-11 16:22:57  INFO      [UnifiedEngine]  Heartbeat: Refreshing NSE page for fresh data...
2026-04-11 16:23:04  INFO      [UnifiedEngine]  ✨ Captured LIVE data for NIFTY to Internal Registry.
2026-04-11 16:23:04  INFO      [UnifiedEngine]  ✨ Captured LIVE data for NIFTY to Internal Registry.
2026-04-11 16:23:59  INFO      [UnifiedEngine]  Heartbeat: Refreshing NSE page for fresh data...
2026-04-11 16:24:06  INFO      [UnifiedEngine]  ✨ Captured LIVE data for NIFTY to Internal Registry.
2026-04-11 16:24:06  INFO      [UnifiedEngine]  ✨ Captured LIVE data for NIFTY to Internal Registry.
2026-04-11 16:25:02  INFO      [UnifiedEngine]  Heartbeat: Refreshing NSE page for fresh data...
2026-04-11 16:25:09  INFO      [UnifiedEngine]  ✨ Captured LIVE data for NIFTY to Internal Registry.
2026-04-11 16:25:09  INFO      [UnifiedEngine]  ✨ Captured LIVE data for NIFTY to Internal Registry.
2026-04-11 16:26:04  INFO      [UnifiedEngine]  Heartbeat: Refreshing NSE page for fresh data...
2026-04-11 16:26:12  INFO      [UnifiedEngine]  ✨ Captured LIVE data for NIFTY to Internal Registry.
2026-04-11 16:26:12  INFO      [UnifiedEngine]  ✨ Captured LIVE data for NIFTY to Internal Registry.
2026-04-11 16:27:07  INFO      [UnifiedEngine]  Heartbeat: Refreshing NSE page for fresh data...
2026-04-11 16:27:14  INFO      [UnifiedEngine]  ✨ Captured LIVE data for NIFTY to Internal Registry.
2026-04-11 16:27:14  INFO      [UnifiedEngine]  ✨ Captured LIVE data for NIFTY to Internal Registry.
2026-04-11 16:28:10  INFO      [UnifiedEngine]  Heartbeat: Refreshing NSE page for fresh data...
2026-04-11 16:28:17  INFO      [UnifiedEngine]  ✨ Captured LIVE data for NIFTY to Internal Registry.
2026-04-11 16:28:17  INFO      [UnifiedEngine]  ✨ Captured LIVE data for NIFTY to Internal Registry.
2026-04-11 16:29:12  INFO      [UnifiedEngine]  Heartbeat: Refreshing NSE page for fresh data...
2026-04-11 16:29:19  INFO      [UnifiedEngine]  ✨ Captured LIVE data for NIFTY to Internal Registry.
2026-04-11 16:29:19  INFO      [UnifiedEngine]  ✨ Captured LIVE data for NIFTY to Internal Registry.
2026-04-11 16:30:14  INFO      [UnifiedEngine]  Heartbeat: Refreshing NSE page for fresh data...
2026-04-11 16:30:21  INFO      [UnifiedEngine]  ✨ Captured LIVE data for NIFTY to Internal Registry.
2026-04-11 16:30:21  INFO      [UnifiedEngine]  ✨ Captured LIVE data for NIFTY to Internal Registry.
2026-04-11 16:31:16  INFO      [UnifiedEngine]  Heartbeat: Refreshing NSE page for fresh data...
2026-04-11 16:31:23  INFO      [UnifiedEngine]  ✨ Captured LIVE data for NIFTY to Internal Registry.
2026-04-11 16:31:23  INFO      [UnifiedEngine]  ✨ Captured LIVE data for NIFTY to Internal Registry.
2026-04-11 16:32:19  INFO      [UnifiedEngine]  Heartbeat: Refreshing NSE page for fresh data...
2026-04-11 16:32:26  INFO      [UnifiedEngine]  ✨ Captured LIVE data for NIFTY to Internal Registry.
2026-04-11 16:32:26  INFO      [UnifiedEngine]  ✨ Captured LIVE data for NIFTY to Internal Registry.
2026-04-11 16:33:21  INFO      [UnifiedEngine]  Heartbeat: Refreshing NSE page for fresh data...
2026-04-11 16:33:28  INFO      [UnifiedEngine]  ✨ Captured LIVE data for NIFTY to Internal Registry.
2026-04-11 16:33:28  INFO      [UnifiedEngine]  ✨ Captured LIVE data for NIFTY to Internal Registry.
2026-04-11 16:34:23  INFO      [UnifiedEngine]  Heartbeat: Refreshing NSE page for fresh data...
2026-04-11 16:34:30  INFO      [UnifiedEngine]  ✨ Captured LIVE data for NIFTY to Internal Registry.
2026-04-11 16:34:30  INFO      [UnifiedEngine]  ✨ Captured LIVE data for NIFTY to Internal Registry.
2026-04-11 16:35:25  INFO      [UnifiedEngine]  Heartbeat: Refreshing NSE page for fresh data...
2026-04-11 16:35:32  INFO      [UnifiedEngine]  ✨ Captured LIVE data for NIFTY to Internal Registry.
2026-04-11 16:35:32  INFO      [UnifiedEngine]  ✨ Captured LIVE data for NIFTY to Internal Registry.
2026-04-11 16:36:28  INFO      [UnifiedEngine]  Heartbeat: Refreshing NSE page for fresh data...
2026-04-11 16:36:35  INFO      [UnifiedEngine]  ✨ Captured LIVE data for NIFTY to Internal Registry.
2026-04-11 16:36:35  INFO      [UnifiedEngine]  ✨ Captured LIVE data for NIFTY to Internal Registry.
2026-04-11 16:37:30  INFO      [UnifiedEngine]  Heartbeat: Refreshing NSE page for fresh data...
2026-04-11 16:37:37  INFO      [UnifiedEngine]  ✨ Captured LIVE data for NIFTY to Internal Registry.
2026-04-11 16:37:37  INFO      [UnifiedEngine]  ✨ Captured LIVE data for NIFTY to Internal Registry.
2026-04-11 16:38:32  INFO      [UnifiedEngine]  Heartbeat: Refreshing NSE page for fresh data...
2026-04-11 16:38:39  INFO      [UnifiedEngine]  ✨ Captured LIVE data for NIFTY to Internal Registry.
2026-04-11 16:38:39  INFO      [UnifiedEngine]  ✨ Captured LIVE data for NIFTY to Internal Registry.
2026-04-11 16:39:34  INFO      [UnifiedEngine]  Heartbeat: Refreshing NSE page for fresh data...
2026-04-11 16:39:42  INFO      [UnifiedEngine]  ✨ Captured LIVE data for NIFTY to Internal Registry.
2026-04-11 16:39:42  INFO      [UnifiedEngine]  ✨ Captured LIVE data for NIFTY to Internal Registry.
2026-04-11 16:40:37  INFO      [UnifiedEngine]  Heartbeat: Refreshing NSE page for fresh data...
2026-04-11 16:40:44  INFO      [UnifiedEngine]  ✨ Captured LIVE data for NIFTY to Internal Registry.
2026-04-11 16:40:44  INFO      [UnifiedEngine]  ✨ Captured LIVE data for NIFTY to Internal Registry.
2026-04-11 16:41:39  INFO      [UnifiedEngine]  Heartbeat: Refreshing NSE page for fresh data...
2026-04-11 16:41:46  INFO      [UnifiedEngine]  ✨ Captured LIVE data for NIFTY to Internal Registry.
2026-04-11 16:41:46  INFO      [UnifiedEngine]  ✨ Captured LIVE data for NIFTY to Internal Registry.
2026-04-11 16:42:41  INFO      [UnifiedEngine]  Heartbeat: Refreshing NSE page for fresh data...
2026-04-11 16:42:48  INFO      [UnifiedEngine]  ✨ Captured LIVE data for NIFTY to Internal Registry.
2026-04-11 16:42:48  INFO      [UnifiedEngine]  ✨ Captured LIVE data for NIFTY to Internal Registry.
2026-04-11 16:43:43  INFO      [UnifiedEngine]  Heartbeat: Refreshing NSE page for fresh data...
2026-04-11 16:43:58  INFO      [UnifiedEngine]  ✨ Captured LIVE data for NIFTY to Internal Registry.
2026-04-11 16:43:58  INFO      [UnifiedEngine]  ✨ Captured LIVE data for NIFTY to Internal Registry.
2026-04-11 16:44:54  INFO      [UnifiedEngine]  Heartbeat: Refreshing NSE page for fresh data...
2026-04-11 16:45:01  INFO      [UnifiedEngine]  ✨ Captured LIVE data for NIFTY to Internal Registry.
2026-04-11 16:45:01  INFO      [UnifiedEngine]  ✨ Captured LIVE data for NIFTY to Internal Registry.
2026-04-11 16:45:56  INFO      [UnifiedEngine]  Heartbeat: Refreshing NSE page for fresh data...
2026-04-11 16:46:03  INFO      [UnifiedEngine]  ✨ Captured LIVE data for NIFTY to Internal Registry.
2026-04-11 16:46:03  INFO      [UnifiedEngine]  ✨ Captured LIVE data for NIFTY to Internal Registry.
2026-04-11 16:46:58  INFO      [UnifiedEngine]  Heartbeat: Refreshing NSE page for fresh data...
2026-04-11 16:47:06  INFO      [UnifiedEngine]  ✨ Captured LIVE data for NIFTY to Internal Registry.
2026-04-11 16:47:06  INFO      [UnifiedEngine]  ✨ Captured LIVE data for NIFTY to Internal Registry.
2026-04-11 16:48:01  INFO      [UnifiedEngine]  Heartbeat: Refreshing NSE page for fresh data...
2026-04-11 16:48:08  INFO      [UnifiedEngine]  ✨ Captured LIVE data for NIFTY to Internal Registry.
2026-04-11 16:48:08  INFO      [UnifiedEngine]  ✨ Captured LIVE data for NIFTY to Internal Registry.
2026-04-11 16:49:04  INFO      [UnifiedEngine]  Heartbeat: Refreshing NSE page for fresh data...
2026-04-11 16:49:11  INFO      [UnifiedEngine]  ✨ Captured LIVE data for NIFTY to Internal Registry.
2026-04-11 16:49:11  INFO      [UnifiedEngine]  ✨ Captured LIVE data for NIFTY to Internal Registry.
2026-04-11 16:50:06  INFO      [UnifiedEngine]  Heartbeat: Refreshing NSE page for fresh data...
2026-04-11 16:50:13  INFO      [UnifiedEngine]  ✨ Captured LIVE data for NIFTY to Internal Registry.
2026-04-11 16:50:13  INFO      [UnifiedEngine]  ✨ Captured LIVE data for NIFTY to Internal Registry.
2026-04-11 16:51:09  INFO      [UnifiedEngine]  Heartbeat: Refreshing NSE page for fresh data...
2026-04-11 16:51:15  INFO      [UnifiedEngine]  ✨ Captured LIVE data for NIFTY to Internal Registry.
2026-04-11 16:51:15  INFO      [UnifiedEngine]  ✨ Captured LIVE data for NIFTY to Internal Registry.
2026-04-11 16:52:11  INFO      [UnifiedEngine]  Heartbeat: Refreshing NSE page for fresh data...
2026-04-11 16:52:18  INFO      [UnifiedEngine]  ✨ Captured LIVE data for NIFTY to Internal Registry.
2026-04-11 16:52:18  INFO      [UnifiedEngine]  ✨ Captured LIVE data for NIFTY to Internal Registry.
2026-04-11 16:53:13  INFO      [UnifiedEngine]  Heartbeat: Refreshing NSE page for fresh data...
2026-04-11 16:53:21  INFO      [UnifiedEngine]  ✨ Captured LIVE data for NIFTY to Internal Registry.
2026-04-11 16:53:21  INFO      [UnifiedEngine]  ✨ Captured LIVE data for NIFTY to Internal Registry.
2026-04-11 16:54:16  INFO      [UnifiedEngine]  Heartbeat: Refreshing NSE page for fresh data...
2026-04-11 16:54:23  INFO      [UnifiedEngine]  ✨ Captured LIVE data for NIFTY to Internal Registry.
2026-04-11 16:54:23  INFO      [UnifiedEngine]  ✨ Captured LIVE data for NIFTY to Internal Registry.
2026-04-11 16:55:18  INFO      [UnifiedEngine]  Heartbeat: Refreshing NSE page for fresh data...
2026-04-11 16:55:25  INFO      [UnifiedEngine]  ✨ Captured LIVE data for NIFTY to Internal Registry.
2026-04-11 16:55:25  INFO      [UnifiedEngine]  ✨ Captured LIVE data for NIFTY to Internal Registry.
2026-04-11 16:56:21  INFO      [UnifiedEngine]  Heartbeat: Refreshing NSE page for fresh data...
2026-04-11 16:56:29  INFO      [UnifiedEngine]  ✨ Captured LIVE data for NIFTY to Internal Registry.
2026-04-11 16:56:29  INFO      [UnifiedEngine]  ✨ Captured LIVE data for NIFTY to Internal Registry.
2026-04-11 16:57:24  INFO      [UnifiedEngine]  Heartbeat: Refreshing NSE page for fresh data...
2026-04-11 16:57:31  INFO      [UnifiedEngine]  ✨ Captured LIVE data for NIFTY to Internal Registry.
2026-04-11 16:57:31  INFO      [UnifiedEngine]  ✨ Captured LIVE data for NIFTY to Internal Registry.
2026-04-11 16:58:26  INFO      [UnifiedEngine]  Heartbeat: Refreshing NSE page for fresh data...
2026-04-11 16:58:33  INFO      [UnifiedEngine]  ✨ Captured LIVE data for NIFTY to Internal Registry.
2026-04-11 16:58:33  INFO      [UnifiedEngine]  ✨ Captured LIVE data for NIFTY to Internal Registry.
2026-04-11 16:59:28  INFO      [UnifiedEngine]  Heartbeat: Refreshing NSE page for fresh data...
2026-04-11 16:59:36  INFO      [UnifiedEngine]  ✨ Captured LIVE data for NIFTY to Internal Registry.
2026-04-11 16:59:36  INFO      [UnifiedEngine]  ✨ Captured LIVE data for NIFTY to Internal Registry.
2026-04-11 17:00:31  INFO      [UnifiedEngine]  Heartbeat: Refreshing NSE page for fresh data...
2026-04-11 17:00:38  INFO      [UnifiedEngine]  ✨ Captured LIVE data for NIFTY to Internal Registry.
2026-04-11 17:00:38  INFO      [UnifiedEngine]  ✨ Captured LIVE data for NIFTY to Internal Registry.
2026-04-11 17:01:33  INFO      [UnifiedEngine]  Heartbeat: Refreshing NSE page for fresh data...
2026-04-11 17:01:40  INFO      [UnifiedEngine]  ✨ Captured LIVE data for NIFTY to Internal Registry.
2026-04-11 17:01:40  INFO      [UnifiedEngine]  ✨ Captured LIVE data for NIFTY to Internal Registry.
2026-04-11 17:02:35  INFO      [UnifiedEngine]  Heartbeat: Refreshing NSE page for fresh data...
2026-04-11 17:02:43  INFO      [UnifiedEngine]  ✨ Captured LIVE data for NIFTY to Internal Registry.
2026-04-11 17:02:43  INFO      [UnifiedEngine]  ✨ Captured LIVE data for NIFTY to Internal Registry.
2026-04-11 17:03:38  INFO      [UnifiedEngine]  Heartbeat: Refreshing NSE page for fresh data...
2026-04-11 17:03:46  INFO      [UnifiedEngine]  ✨ Captured LIVE data for NIFTY to Internal Registry.
2026-04-11 17:03:46  INFO      [UnifiedEngine]  ✨ Captured LIVE data for NIFTY to Internal Registry.
2026-04-11 17:04:41  INFO      [UnifiedEngine]  Heartbeat: Refreshing NSE page for fresh data...
2026-04-11 17:04:48  INFO      [UnifiedEngine]  ✨ Captured LIVE data for NIFTY to Internal Registry.
2026-04-11 17:04:48  INFO      [UnifiedEngine]  ✨ Captured LIVE data for NIFTY to Internal Registry.
2026-04-11 17:05:43  INFO      [UnifiedEngine]  Heartbeat: Refreshing NSE page for fresh data...
2026-04-11 17:05:50  INFO      [UnifiedEngine]  ✨ Captured LIVE data for NIFTY to Internal Registry.
2026-04-11 17:05:50  INFO      [UnifiedEngine]  ✨ Captured LIVE data for NIFTY to Internal Registry.
2026-04-11 17:06:45  INFO      [UnifiedEngine]  Heartbeat: Refreshing NSE page for fresh data...
2026-04-11 17:06:52  INFO      [UnifiedEngine]  ✨ Captured LIVE data for NIFTY to Internal Registry.
2026-04-11 17:06:52  INFO      [UnifiedEngine]  ✨ Captured LIVE data for NIFTY to Internal Registry.
2026-04-11 17:07:48  INFO      [UnifiedEngine]  Heartbeat: Refreshing NSE page for fresh data...
2026-04-11 17:07:55  INFO      [UnifiedEngine]  ✨ Captured LIVE data for NIFTY to Internal Registry.
2026-04-11 17:07:55  INFO      [UnifiedEngine]  ✨ Captured LIVE data for NIFTY to Internal Registry.
2026-04-11 17:08:50  INFO      [UnifiedEngine]  Heartbeat: Refreshing NSE page for fresh data...
2026-04-11 17:08:57  INFO      [UnifiedEngine]  ✨ Captured LIVE data for NIFTY to Internal Registry.
2026-04-11 17:08:57  INFO      [UnifiedEngine]  ✨ Captured LIVE data for NIFTY to Internal Registry.
2026-04-11 17:09:52  INFO      [UnifiedEngine]  Heartbeat: Refreshing NSE page for fresh data...
2026-04-11 17:09:59  INFO      [UnifiedEngine]  ✨ Captured LIVE data for NIFTY to Internal Registry.
2026-04-11 17:09:59  INFO      [UnifiedEngine]  ✨ Captured LIVE data for NIFTY to Internal Registry.
2026-04-11 17:10:54  INFO      [UnifiedEngine]  Heartbeat: Refreshing NSE page for fresh data...
2026-04-11 17:11:01  INFO      [UnifiedEngine]  ✨ Captured LIVE data for NIFTY to Internal Registry.
2026-04-11 17:11:01  INFO      [UnifiedEngine]  ✨ Captured LIVE data for NIFTY to Internal Registry.
2026-04-11 17:11:57  INFO      [UnifiedEngine]  Heartbeat: Refreshing NSE page for fresh data...
2026-04-11 17:12:04  INFO      [UnifiedEngine]  ✨ Captured LIVE data for NIFTY to Internal Registry.
2026-04-11 17:12:04  INFO      [UnifiedEngine]  ✨ Captured LIVE data for NIFTY to Internal Registry.
2026-04-11 17:12:59  INFO      [UnifiedEngine]  Heartbeat: Refreshing NSE page for fresh data...
2026-04-11 17:13:06  INFO      [UnifiedEngine]  ✨ Captured LIVE data for NIFTY to Internal Registry.
2026-04-11 17:13:06  INFO      [UnifiedEngine]  ✨ Captured LIVE data for NIFTY to Internal Registry.
2026-04-11 17:14:01  INFO      [UnifiedEngine]  Heartbeat: Refreshing NSE page for fresh data...
2026-04-11 17:14:08  INFO      [UnifiedEngine]  ✨ Captured LIVE data for NIFTY to Internal Registry.
2026-04-11 17:14:08  INFO      [UnifiedEngine]  ✨ Captured LIVE data for NIFTY to Internal Registry.
2026-04-11 17:15:04  INFO      [UnifiedEngine]  Heartbeat: Refreshing NSE page for fresh data...
2026-04-11 17:15:11  INFO      [UnifiedEngine]  ✨ Captured LIVE data for NIFTY to Internal Registry.
2026-04-11 17:15:11  INFO      [UnifiedEngine]  ✨ Captured LIVE data for NIFTY to Internal Registry.
2026-04-11 17:16:06  INFO      [UnifiedEngine]  Heartbeat: Refreshing NSE page for fresh data...
2026-04-11 17:16:13  INFO      [UnifiedEngine]  ✨ Captured LIVE data for NIFTY to Internal Registry.
2026-04-11 17:16:13  INFO      [UnifiedEngine]  ✨ Captured LIVE data for NIFTY to Internal Registry.
2026-04-11 17:17:08  INFO      [UnifiedEngine]  Heartbeat: Refreshing NSE page for fresh data...
2026-04-11 17:17:15  INFO      [UnifiedEngine]  ✨ Captured LIVE data for NIFTY to Internal Registry.
2026-04-11 17:17:15  INFO      [UnifiedEngine]  ✨ Captured LIVE data for NIFTY to Internal Registry.
2026-04-11 17:18:10  INFO      [UnifiedEngine]  Heartbeat: Refreshing NSE page for fresh data...
2026-04-11 17:18:17  INFO      [UnifiedEngine]  ✨ Captured LIVE data for NIFTY to Internal Registry.
2026-04-11 17:18:17  INFO      [UnifiedEngine]  ✨ Captured LIVE data for NIFTY to Internal Registry.
2026-04-11 17:19:13  INFO      [UnifiedEngine]  Heartbeat: Refreshing NSE page for fresh data...
2026-04-11 17:19:20  INFO      [UnifiedEngine]  ✨ Captured LIVE data for NIFTY to Internal Registry.
2026-04-11 17:19:20  INFO      [UnifiedEngine]  ✨ Captured LIVE data for NIFTY to Internal Registry.
2026-04-11 17:20:15  INFO      [UnifiedEngine]  Heartbeat: Refreshing NSE page for fresh data...
2026-04-11 17:20:22  INFO      [UnifiedEngine]  ✨ Captured LIVE data for NIFTY to Internal Registry.
2026-04-11 17:20:22  INFO      [UnifiedEngine]  ✨ Captured LIVE data for NIFTY to Internal Registry.
2026-04-11 17:21:17  INFO      [UnifiedEngine]  Heartbeat: Refreshing NSE page for fresh data...
2026-04-11 17:21:25  INFO      [UnifiedEngine]  ✨ Captured LIVE data for NIFTY to Internal Registry.
2026-04-11 17:21:25  INFO      [UnifiedEngine]  ✨ Captured LIVE data for NIFTY to Internal Registry.
2026-04-11 17:22:21  INFO      [UnifiedEngine]  Heartbeat: Refreshing NSE page for fresh data...
2026-04-11 17:22:28  INFO      [UnifiedEngine]  ✨ Captured LIVE data for NIFTY to Internal Registry.
2026-04-11 17:22:28  INFO      [UnifiedEngine]  ✨ Captured LIVE data for NIFTY to Internal Registry.
2026-04-11 17:23:23  INFO      [UnifiedEngine]  Heartbeat: Refreshing NSE page for fresh data...
2026-04-11 17:23:31  INFO      [UnifiedEngine]  ✨ Captured LIVE data for NIFTY to Internal Registry.
2026-04-11 17:23:31  INFO      [UnifiedEngine]  ✨ Captured LIVE data for NIFTY to Internal Registry.
2026-04-11 17:24:26  INFO      [UnifiedEngine]  Heartbeat: Refreshing NSE page for fresh data...
2026-04-11 17:24:33  INFO      [UnifiedEngine]  ✨ Captured LIVE data for NIFTY to Internal Registry.
2026-04-11 17:24:33  INFO      [UnifiedEngine]  ✨ Captured LIVE data for NIFTY to Internal Registry.
2026-04-11 17:25:29  INFO      [UnifiedEngine]  Heartbeat: Refreshing NSE page for fresh data...
2026-04-11 17:25:35  INFO      [UnifiedEngine]  ✨ Captured LIVE data for NIFTY to Internal Registry.
2026-04-11 17:25:35  INFO      [UnifiedEngine]  ✨ Captured LIVE data for NIFTY to Internal Registry.
2026-04-11 17:26:31  INFO      [UnifiedEngine]  Heartbeat: Refreshing NSE page for fresh data...
2026-04-11 17:26:38  INFO      [UnifiedEngine]  ✨ Captured LIVE data for NIFTY to Internal Registry.
2026-04-11 17:26:38  INFO      [UnifiedEngine]  ✨ Captured LIVE data for NIFTY to Internal Registry.
2026-04-11 17:27:33  INFO      [UnifiedEngine]  Heartbeat: Refreshing NSE page for fresh data...
2026-04-11 17:27:40  INFO      [UnifiedEngine]  ✨ Captured LIVE data for NIFTY to Internal Registry.
2026-04-11 17:27:40  INFO      [UnifiedEngine]  ✨ Captured LIVE data for NIFTY to Internal Registry.
2026-04-11 17:28:35  INFO      [UnifiedEngine]  Heartbeat: Refreshing NSE page for fresh data...
2026-04-11 17:28:42  INFO      [UnifiedEngine]  ✨ Captured LIVE data for NIFTY to Internal Registry.
2026-04-11 17:28:42  INFO      [UnifiedEngine]  ✨ Captured LIVE data for NIFTY to Internal Registry.
2026-04-11 17:29:38  INFO      [UnifiedEngine]  Heartbeat: Refreshing NSE page for fresh data...
2026-04-11 17:29:45  INFO      [UnifiedEngine]  ✨ Captured LIVE data for NIFTY to Internal Registry.
2026-04-11 17:29:45  INFO      [UnifiedEngine]  ✨ Captured LIVE data for NIFTY to Internal Registry.
2026-04-11 17:29:57  INFO      [UnifiedEngine]  Master Engine shutting down...
2026-04-11 17:34:45  INFO      [UnifiedEngine]  ✅ Breeze Session Active: 
2026-04-11 17:34:45  INFO      [UnifiedEngine]  🚀 Master API Server launching on http://localhost:7778
2026-04-11 17:34:45  INFO      [UnifiedEngine]  Launching Live NSE Market Bridge...
2026-04-11 17:34:45  INFO      [UnifiedEngine]  Bootstrapping connection (Initial landing)...
2026-04-11 17:34:46  INFO      [DataAgent]  Building snapshot for NIFTY...
2026-04-11 17:34:50  INFO      [NSESession]  Building fresh NSE session...
2026-04-11 17:34:51  INFO      [NSESession]    Warmup https://www.nseindia.com -> 200 | cookies: ['ak_bmsc', 'bm_sz']
2026-04-11 17:34:52  INFO      [UnifiedEngine]  Connecting to NSE market feed...
2026-04-11 17:34:53  INFO      [NSESession]    Warmup https://www.nseindia.com/option-chain -> 200 | cookies: ['nsit', '_abck', 'bm_mi', 'bm_sv']
2026-04-11 17:34:57  INFO      [NSESession]    NSE GET option-chain-indices -> 200 (2 bytes)
2026-04-11 17:34:57  WARNING   [NSESession]    Empty response (Akamai block)
2026-04-11 17:34:57  WARNING   [DataAgent]    NSE API blocked — building synthetic chain...
2026-04-11 17:34:58  INFO      [NSESession]    Yahoo spot for NIFTY: 24050.6
2026-04-11 17:34:58  INFO      [UnifiedEngine]  ✨ Captured LIVE data for NIFTY to Internal Registry.
2026-04-11 17:34:58  INFO      [UnifiedEngine]  ✨ Captured LIVE data for NIFTY to Internal Registry.
2026-04-11 17:34:59  INFO      [NSESession]    India VIX: 18.85%  52w [9.1%, 27.9%]  IVR=51.8%
2026-04-11 17:34:59  INFO      [DataAgent]    Using real IV from India VIX: 18.9%
2026-04-11 17:34:59  INFO      [DataAgent]    Built synthetic chain: NIFTY spot=24050.6 ATM=24050 IV=19%
2026-04-11 17:34:59  INFO      [DB]  Database ready: D:\nse_data\options_chain.db
2026-04-11 17:34:59  INFO      [DataAgent]    Fetching 3mo history for NIFTY (^NSEI)...
2026-04-11 17:35:00  INFO      [DataAgent]    Live history obtained: 59 days from Yahoo
2026-04-11 17:35:00  INFO      [DataAgent]    EMA20: 23515.99 | Source: live_yahoo | Trend: strong_up
2026-04-11 17:35:04  INFO      [DataAgent]  Snapshot ready in 18.02s — Source: yahoo_synthetic (Age: 4s)
2026-04-11 17:35:54  INFO      [UnifiedEngine]  Heartbeat: Refreshing NSE page for fresh data...
2026-04-11 17:36:00  INFO      [UnifiedEngine]  ✨ Captured LIVE data for NIFTY to Internal Registry.
2026-04-11 17:36:00  INFO      [UnifiedEngine]  ✨ Captured LIVE data for NIFTY to Internal Registry.
2026-04-11 17:36:45  INFO      [UnifiedEngine]  Master Engine shutting down...
2026-04-11 17:37:16  INFO      [UnifiedEngine]  ✅ Breeze Session Active: 55275878
2026-04-11 17:37:16  INFO      [UnifiedEngine]  🚀 Master API Server launching on http://localhost:7778
2026-04-11 17:37:16  INFO      [UnifiedEngine]  Launching Live NSE Market Bridge...
2026-04-11 17:37:17  INFO      [UnifiedEngine]  Bootstrapping connection (Initial landing)...
2026-04-11 17:37:17  INFO      [DataAgent]  Building snapshot for NIFTY...
2026-04-11 17:37:21  INFO      [NSESession]  Building fresh NSE session...
2026-04-11 17:37:22  INFO      [NSESession]    Warmup https://www.nseindia.com -> 200 | cookies: ['ak_bmsc', 'bm_sz']
2026-04-11 17:37:24  INFO      [UnifiedEngine]  Connecting to NSE market feed...
2026-04-11 17:37:24  INFO      [NSESession]    Warmup https://www.nseindia.com/option-chain -> 200 | cookies: ['nsit', '_abck', 'bm_mi', 'bm_sv']
2026-04-11 17:37:26  INFO      [NSESession]    NSE GET option-chain-indices -> 200 (2 bytes)
2026-04-11 17:37:26  WARNING   [NSESession]    Empty response (Akamai block)
2026-04-11 17:37:26  WARNING   [DataAgent]    NSE API blocked — building synthetic chain...
2026-04-11 17:37:28  INFO      [NSESession]    Yahoo spot for NIFTY: 24050.6
2026-04-11 17:37:30  INFO      [NSESession]    India VIX: 18.85%  52w [9.1%, 27.9%]  IVR=51.8%
2026-04-11 17:37:30  INFO      [DataAgent]    Using real IV from India VIX: 18.9%
2026-04-11 17:37:30  INFO      [DataAgent]    Built synthetic chain: NIFTY spot=24050.6 ATM=24050 IV=19%
2026-04-11 17:37:30  INFO      [DB]  Database ready: D:\nse_data\options_chain.db
2026-04-11 17:37:30  INFO      [DataAgent]    Fetching 3mo history for NIFTY (^NSEI)...
2026-04-11 17:37:31  INFO      [UnifiedEngine]  ✨ Captured LIVE data for NIFTY to Internal Registry.
2026-04-11 17:37:31  INFO      [UnifiedEngine]  ✨ Captured LIVE data for NIFTY to Internal Registry.
2026-04-11 17:37:31  INFO      [DataAgent]    Live history obtained: 59 days from Yahoo
2026-04-11 17:37:31  INFO      [DataAgent]    EMA20: 23515.99 | Source: live_yahoo | Trend: strong_up
2026-04-11 17:37:35  INFO      [DataAgent]  Snapshot ready in 18.37s — Source: yahoo_synthetic (Age: 5s)
2026-04-11 17:38:26  INFO      [UnifiedEngine]  Heartbeat: Refreshing NSE page for fresh data...
2026-04-11 17:38:32  INFO      [UnifiedEngine]  ✨ Captured LIVE data for NIFTY to Internal Registry.
2026-04-11 17:38:32  INFO      [UnifiedEngine]  ✨ Captured LIVE data for NIFTY to Internal Registry.
2026-04-11 17:38:37  INFO      [UnifiedEngine]  Master Engine shutting down...
